{"meta": {"format": 3, "version": "7.6.12", "timestamp": "2025-02-21T02:38:35.828074", "branch_coverage": true, "show_contexts": false}, "files": {"piqueserver\\__init__.py": {"executed_lines": [1], "summary": {"covered_lines": 1, "num_statements": 1, "percent_covered": 100.0, "percent_covered_display": "100", "missing_lines": 0, "excluded_lines": 0, "num_branches": 0, "num_partial_branches": 0, "covered_branches": 0, "missing_branches": 0}, "missing_lines": [], "excluded_lines": [], "executed_branches": [], "missing_branches": [], "functions": {"": {"executed_lines": [1], "summary": {"covered_lines": 1, "num_statements": 1, "percent_covered": 100.0, "percent_covered_display": "100", "missing_lines": 0, "excluded_lines": 0, "num_branches": 0, "num_partial_branches": 0, "covered_branches": 0, "missing_branches": 0}, "missing_lines": [], "excluded_lines": [], "executed_branches": [], "missing_branches": []}}, "classes": {"": {"executed_lines": [1], "summary": {"covered_lines": 1, "num_statements": 1, "percent_covered": 100.0, "percent_covered_display": "100", "missing_lines": 0, "excluded_lines": 0, "num_branches": 0, "num_partial_branches": 0, "covered_branches": 0, "missing_branches": 0}, "missing_lines": [], "excluded_lines": [], "executed_branches": [], "missing_branches": []}}}, "piqueserver\\__main__.py": {"executed_lines": [], "summary": {"covered_lines": 0, "num_statements": 3, "percent_covered": 0.0, "percent_covered_display": "0", "missing_lines": 3, "excluded_lines": 0, "num_branches": 2, "num_partial_branches": 0, "covered_branches": 0, "missing_branches": 2}, "missing_lines": [4, 5, 6], "excluded_lines": [], "executed_branches": [], "missing_branches": [[4, -1], [4, 5]], "functions": {"": {"executed_lines": [], "summary": {"covered_lines": 0, "num_statements": 3, "percent_covered": 0.0, "percent_covered_display": "0", "missing_lines": 3, "excluded_lines": 0, "num_branches": 2, "num_partial_branches": 0, "covered_branches": 0, "missing_branches": 2}, "missing_lines": [4, 5, 6], "excluded_lines": [], "executed_branches": [], "missing_branches": [[4, -1], [4, 5]]}}, "classes": {"": {"executed_lines": [], "summary": {"covered_lines": 0, "num_statements": 3, "percent_covered": 0.0, "percent_covered_display": "0", "missing_lines": 3, "excluded_lines": 0, "num_branches": 2, "num_partial_branches": 0, "covered_branches": 0, "missing_branches": 2}, "missing_lines": [4, 5, 6], "excluded_lines": [], "executed_branches": [], "missing_branches": [[4, -1], [4, 5]]}}}, "piqueserver\\_version.py": {"executed_lines": [3, 4, 8, 10, 11, 12, 13, 15, 16], "summary": {"covered_lines": 9, "num_statements": 11, "percent_covered": 76.92307692307692, "percent_covered_display": "77", "missing_lines": 2, "excluded_lines": 0, "num_branches": 2, "num_partial_branches": 1, "covered_branches": 1, "missing_branches": 1}, "missing_lines": [5, 6], "excluded_lines": [], "executed_branches": [[4, 8]], "missing_branches": [[4, 5]], "functions": {"": {"executed_lines": [3, 4, 8, 10, 11, 12, 13, 15, 16], "summary": {"covered_lines": 9, "num_statements": 11, "percent_covered": 76.92307692307692, "percent_covered_display": "77", "missing_lines": 2, "excluded_lines": 0, "num_branches": 2, "num_partial_branches": 1, "covered_branches": 1, "missing_branches": 1}, "missing_lines": [5, 6], "excluded_lines": [], "executed_branches": [[4, 8]], "missing_branches": [[4, 5]]}}, "classes": {"": {"executed_lines": [3, 4, 8, 10, 11, 12, 13, 15, 16], "summary": {"covered_lines": 9, "num_statements": 11, "percent_covered": 76.92307692307692, "percent_covered_display": "77", "missing_lines": 2, "excluded_lines": 0, "num_branches": 2, "num_partial_branches": 1, "covered_branches": 1, "missing_branches": 1}, "missing_lines": [5, 6], "excluded_lines": [], "executed_branches": [[4, 8]], "missing_branches": [[4, 5]]}}}, "piqueserver\\auth.py": {"executed_lines": [1, 2, 5, 6, 7, 10, 11, 13], "summary": {"covered_lines": 7, "num_statements": 9, "percent_covered": 77.77777777777777, "percent_covered_display": "78", "missing_lines": 2, "excluded_lines": 0, "num_branches": 0, "num_partial_branches": 0, "covered_branches": 0, "missing_branches": 0}, "missing_lines": [8, 14], "excluded_lines": [], "executed_branches": [], "missing_branches": [], "functions": {"BaseAuthBackend.login": {"executed_lines": [], "summary": {"covered_lines": 0, "num_statements": 1, "percent_covered": 0.0, "percent_covered_display": "0", "missing_lines": 1, "excluded_lines": 0, "num_branches": 0, "num_partial_branches": 0, "covered_branches": 0, "missing_branches": 0}, "missing_lines": [8], "excluded_lines": [], "executed_branches": [], "missing_branches": []}, "ConfigAuthBackend.login": {"executed_lines": [], "summary": {"covered_lines": 0, "num_statements": 1, "percent_covered": 0.0, "percent_covered_display": "0", "missing_lines": 1, "excluded_lines": 0, "num_branches": 0, "num_partial_branches": 0, "covered_branches": 0, "missing_branches": 0}, "missing_lines": [14], "excluded_lines": [], "executed_branches": [], "missing_branches": []}, "": {"executed_lines": [1, 2, 5, 6, 7, 10, 11, 13], "summary": {"covered_lines": 7, "num_statements": 7, "percent_covered": 100.0, "percent_covered_display": "100", "missing_lines": 0, "excluded_lines": 0, "num_branches": 0, "num_partial_branches": 0, "covered_branches": 0, "missing_branches": 0}, "missing_lines": [], "excluded_lines": [], "executed_branches": [], "missing_branches": []}}, "classes": {"BaseAuthBackend": {"executed_lines": [], "summary": {"covered_lines": 0, "num_statements": 1, "percent_covered": 0.0, "percent_covered_display": "0", "missing_lines": 1, "excluded_lines": 0, "num_branches": 0, "num_partial_branches": 0, "covered_branches": 0, "missing_branches": 0}, "missing_lines": [8], "excluded_lines": [], "executed_branches": [], "missing_branches": []}, "ConfigAuthBackend": {"executed_lines": [], "summary": {"covered_lines": 0, "num_statements": 1, "percent_covered": 0.0, "percent_covered_display": "0", "missing_lines": 1, "excluded_lines": 0, "num_branches": 0, "num_partial_branches": 0, "covered_branches": 0, "missing_branches": 0}, "missing_lines": [14], "excluded_lines": [], "executed_branches": [], "missing_branches": []}, "": {"executed_lines": [1, 2, 5, 6, 7, 10, 11, 13], "summary": {"covered_lines": 7, "num_statements": 7, "percent_covered": 100.0, "percent_covered_display": "100", "missing_lines": 0, "excluded_lines": 0, "num_branches": 0, "num_partial_branches": 0, "covered_branches": 0, "missing_branches": 0}, "missing_lines": [], "excluded_lines": [], "executed_branches": [], "missing_branches": []}}}, "piqueserver\\banpublish.py": {"executed_lines": [], "summary": {"covered_lines": 0, "num_statements": 25, "percent_covered": 0.0, "percent_covered_display": "0", "missing_lines": 25, "excluded_lines": 0, "num_branches": 4, "num_partial_branches": 0, "covered_branches": 0, "missing_branches": 4}, "missing_lines": [18, 20, 21, 22, 25, 27, 28, 29, 31, 32, 34, 35, 38, 40, 41, 42, 43, 44, 45, 47, 48, 49, 50, 51, 52], "excluded_lines": [], "executed_branches": [], "missing_branches": [[49, 50], [49, 52], [50, 49], [50, 51]], "functions": {"PublishResource.__init__": {"executed_lines": [], "summary": {"covered_lines": 0, "num_statements": 2, "percent_covered": 0.0, "percent_covered_display": "0", "missing_lines": 2, "excluded_lines": 0, "num_branches": 0, "num_partial_branches": 0, "covered_branches": 0, "missing_branches": 0}, "missing_lines": [28, 29], "excluded_lines": [], "executed_branches": [], "missing_branches": []}, "PublishResource.getChild": {"executed_lines": [], "summary": {"covered_lines": 0, "num_statements": 1, "percent_covered": 0.0, "percent_covered_display": "0", "missing_lines": 1, "excluded_lines": 0, "num_branches": 0, "num_partial_branches": 0, "covered_branches": 0, "missing_branches": 0}, "missing_lines": [32], "excluded_lines": [], "executed_branches": [], "missing_branches": []}, "PublishResource.render_GET": {"executed_lines": [], "summary": {"covered_lines": 0, "num_statements": 1, "percent_covered": 0.0, "percent_covered_display": "0", "missing_lines": 1, "excluded_lines": 0, "num_branches": 0, "num_partial_branches": 0, "covered_branches": 0, "missing_branches": 0}, "missing_lines": [35], "excluded_lines": [], "executed_branches": [], "missing_branches": []}, "PublishServer.__init__": {"executed_lines": [], "summary": {"covered_lines": 0, "num_statements": 5, "percent_covered": 0.0, "percent_covered_display": "0", "missing_lines": 5, "excluded_lines": 0, "num_branches": 0, "num_partial_branches": 0, "covered_branches": 0, "missing_branches": 0}, "missing_lines": [41, 42, 43, 44, 45], "excluded_lines": [], "executed_branches": [], "missing_branches": []}, "PublishServer.update": {"executed_lines": [], "summary": {"covered_lines": 0, "num_statements": 5, "percent_covered": 0.0, "percent_covered_display": "0", "missing_lines": 5, "excluded_lines": 0, "num_branches": 4, "num_partial_branches": 0, "covered_branches": 0, "missing_branches": 4}, "missing_lines": [48, 49, 50, 51, 52], "excluded_lines": [], "executed_branches": [], "missing_branches": [[49, 50], [49, 52], [50, 49], [50, 51]]}, "": {"executed_lines": [], "summary": {"covered_lines": 0, "num_statements": 11, "percent_covered": 0.0, "percent_covered_display": "0", "missing_lines": 11, "excluded_lines": 0, "num_branches": 0, "num_partial_branches": 0, "covered_branches": 0, "missing_branches": 0}, "missing_lines": [18, 20, 21, 22, 25, 27, 31, 34, 38, 40, 47], "excluded_lines": [], "executed_branches": [], "missing_branches": []}}, "classes": {"PublishResource": {"executed_lines": [], "summary": {"covered_lines": 0, "num_statements": 4, "percent_covered": 0.0, "percent_covered_display": "0", "missing_lines": 4, "excluded_lines": 0, "num_branches": 0, "num_partial_branches": 0, "covered_branches": 0, "missing_branches": 0}, "missing_lines": [28, 29, 32, 35], "excluded_lines": [], "executed_branches": [], "missing_branches": []}, "PublishServer": {"executed_lines": [], "summary": {"covered_lines": 0, "num_statements": 10, "percent_covered": 0.0, "percent_covered_display": "0", "missing_lines": 10, "excluded_lines": 0, "num_branches": 4, "num_partial_branches": 0, "covered_branches": 0, "missing_branches": 4}, "missing_lines": [41, 42, 43, 44, 45, 48, 49, 50, 51, 52], "excluded_lines": [], "executed_branches": [], "missing_branches": [[49, 50], [49, 52], [50, 49], [50, 51]]}, "": {"executed_lines": [], "summary": {"covered_lines": 0, "num_statements": 11, "percent_covered": 0.0, "percent_covered_display": "0", "missing_lines": 11, "excluded_lines": 0, "num_branches": 0, "num_partial_branches": 0, "covered_branches": 0, "missing_branches": 0}, "missing_lines": [18, 20, 21, 22, 25, 27, 31, 34, 38, 40, 47], "excluded_lines": [], "executed_branches": [], "missing_branches": []}}}, "piqueserver\\bansubscribe.py": {"executed_lines": [18, 19, 20, 21, 23, 24, 26, 27, 29, 34, 35, 38, 42, 44, 45, 46, 50, 51, 53, 58, 63, 74, 87], "summary": {"covered_lines": 23, "num_statements": 56, "percent_covered": 36.76470588235294, "percent_covered_display": "37", "missing_lines": 33, "excluded_lines": 0, "num_branches": 12, "num_partial_branches": 2, "covered_branches": 2, "missing_branches": 10}, "missing_lines": [36, 39, 40, 54, 55, 59, 60, 61, 64, 65, 66, 68, 69, 70, 71, 72, 75, 76, 77, 78, 79, 80, 81, 82, 83, 84, 85, 88, 89, 90, 91, 92, 93], "excluded_lines": [], "executed_branches": [[35, 38], [38, 42]], "missing_branches": [[35, 36], [38, 39], [39, 38], [39, 40], [76, 77], [76, 78], [82, 83], [82, 84], [88, 89], [88, 90]], "functions": {"validate_bansub_config": {"executed_lines": [35, 38, 42], "summary": {"covered_lines": 3, "num_statements": 6, "percent_covered": 41.666666666666664, "percent_covered_display": "42", "missing_lines": 3, "excluded_lines": 0, "num_branches": 6, "num_partial_branches": 2, "covered_branches": 2, "missing_branches": 4}, "missing_lines": [36, 39, 40], "excluded_lines": [], "executed_branches": [[35, 38], [38, 42]], "missing_branches": [[35, 36], [38, 39], [39, 38], [39, 40]]}, "BanManager.__init__": {"executed_lines": [], "summary": {"covered_lines": 0, "num_statements": 2, "percent_covered": 0.0, "percent_covered_display": "0", "missing_lines": 2, "excluded_lines": 0, "num_branches": 0, "num_partial_branches": 0, "covered_branches": 0, "missing_branches": 0}, "missing_lines": [54, 55], "excluded_lines": [], "executed_branches": [], "missing_branches": []}, "BanManager.start": {"executed_lines": [], "summary": {"covered_lines": 0, "num_statements": 3, "percent_covered": 0.0, "percent_covered_display": "0", "missing_lines": 3, "excluded_lines": 0, "num_branches": 0, "num_partial_branches": 0, "covered_branches": 0, "missing_branches": 0}, "missing_lines": [59, 60, 61], "excluded_lines": [], "executed_branches": [], "missing_branches": []}, "BanManager.fetch_filtered_bans": {"executed_lines": [], "summary": {"covered_lines": 0, "num_statements": 8, "percent_covered": 0.0, "percent_covered_display": "0", "missing_lines": 8, "excluded_lines": 0, "num_branches": 0, "num_partial_branches": 0, "covered_branches": 0, "missing_branches": 0}, "missing_lines": [64, 65, 66, 68, 69, 70, 71, 72], "excluded_lines": [], "executed_branches": [], "missing_branches": []}, "BanManager.update_bans": {"executed_lines": [], "summary": {"covered_lines": 0, "num_statements": 11, "percent_covered": 0.0, "percent_covered_display": "0", "missing_lines": 11, "excluded_lines": 0, "num_branches": 4, "num_partial_branches": 0, "covered_branches": 0, "missing_branches": 4}, "missing_lines": [75, 76, 77, 78, 79, 80, 81, 82, 83, 84, 85], "excluded_lines": [], "executed_branches": [], "missing_branches": [[76, 77], [76, 78], [82, 83], [82, 84]]}, "BanManager.get_ban": {"executed_lines": [], "summary": {"covered_lines": 0, "num_statements": 6, "percent_covered": 0.0, "percent_covered_display": "0", "missing_lines": 6, "excluded_lines": 0, "num_branches": 2, "num_partial_branches": 0, "covered_branches": 0, "missing_branches": 2}, "missing_lines": [88, 89, 90, 91, 92, 93], "excluded_lines": [], "executed_branches": [], "missing_branches": [[88, 89], [88, 90]]}, "": {"executed_lines": [18, 19, 20, 21, 23, 24, 26, 27, 29, 34, 44, 45, 46, 50, 51, 53, 58, 63, 74, 87], "summary": {"covered_lines": 20, "num_statements": 20, "percent_covered": 100.0, "percent_covered_display": "100", "missing_lines": 0, "excluded_lines": 0, "num_branches": 0, "num_partial_branches": 0, "covered_branches": 0, "missing_branches": 0}, "missing_lines": [], "excluded_lines": [], "executed_branches": [], "missing_branches": []}}, "classes": {"BanManager": {"executed_lines": [], "summary": {"covered_lines": 0, "num_statements": 30, "percent_covered": 0.0, "percent_covered_display": "0", "missing_lines": 30, "excluded_lines": 0, "num_branches": 6, "num_partial_branches": 0, "covered_branches": 0, "missing_branches": 6}, "missing_lines": [54, 55, 59, 60, 61, 64, 65, 66, 68, 69, 70, 71, 72, 75, 76, 77, 78, 79, 80, 81, 82, 83, 84, 85, 88, 89, 90, 91, 92, 93], "excluded_lines": [], "executed_branches": [], "missing_branches": [[76, 77], [76, 78], [82, 83], [82, 84], [88, 89], [88, 90]]}, "": {"executed_lines": [18, 19, 20, 21, 23, 24, 26, 27, 29, 34, 35, 38, 42, 44, 45, 46, 50, 51, 53, 58, 63, 74, 87], "summary": {"covered_lines": 23, "num_statements": 26, "percent_covered": 78.125, "percent_covered_display": "78", "missing_lines": 3, "excluded_lines": 0, "num_branches": 6, "num_partial_branches": 2, "covered_branches": 2, "missing_branches": 4}, "missing_lines": [36, 39, 40], "excluded_lines": [], "executed_branches": [[35, 38], [38, 42]], "missing_branches": [[35, 36], [38, 39], [39, 38], [39, 40]]}}}, "piqueserver\\commands.py": {"executed_lines": [21, 22, 23, 24, 25, 26, 27, 29, 31, 32, 34, 35, 36, 38, 40, 41, 44, 45, 48, 66, 67, 68, 69, 72, 73, 75, 77, 79, 80, 82, 83, 85, 86, 89, 99, 113, 130, 139, 140, 141, 142, 145, 156, 159, 192, 207, 216, 230, 242, 255, 264, 265, 269, 271, 284, 285, 297, 299, 347, 367, 373, 384, 395, 419, 483], "summary": {"covered_lines": 65, "num_statements": 230, "percent_covered": 23.548387096774192, "percent_covered_display": "24", "missing_lines": 165, "excluded_lines": 0, "num_branches": 80, "num_partial_branches": 0, "covered_branches": 8, "missing_branches": 72}, "missing_lines": [93, 96, 103, 107, 108, 109, 110, 117, 121, 122, 123, 124, 125, 126, 127, 146, 147, 148, 149, 150, 151, 153, 160, 161, 162, 164, 166, 171, 172, 173, 174, 176, 177, 178, 179, 180, 181, 182, 183, 184, 185, 187, 189, 195, 197, 198, 200, 213, 226, 227, 239, 252, 266, 267, 268, 286, 288, 289, 291, 292, 295, 296, 308, 309, 310, 311, 312, 314, 315, 316, 317, 318, 319, 320, 321, 322, 326, 327, 328, 330, 332, 333, 334, 337, 338, 339, 340, 341, 342, 343, 344, 348, 349, 350, 351, 352, 353, 354, 355, 356, 357, 358, 359, 360, 361, 362, 363, 364, 368, 369, 370, 374, 375, 376, 377, 379, 381, 385, 387, 388, 389, 390, 392, 402, 404, 405, 407, 408, 409, 411, 417, 420, 421, 422, 423, 424, 425, 427, 428, 430, 433, 440, 446, 451, 452, 454, 456, 459, 461, 462, 466, 467, 468, 469, 470, 471, 472, 473, 474, 475, 476, 477, 478, 480, 485], "excluded_lines": [], "executed_branches": [[68, 69], [68, 72], [72, 73], [72, 75], [79, 80], [79, 85], [82, 83], [82, 85]], "missing_branches": [[146, 147], [146, 148], [148, 149], [148, 150], [150, 151], [150, 153], [161, 162], [161, 164], [176, 177], [176, 189], [178, 179], [178, 180], [180, 181], [180, 182], [182, 183], [182, 184], [184, 185], [184, 187], [197, 198], [197, 200], [266, 267], [266, 268], [288, 289], [288, 291], [291, 292], [291, 295], [310, 311], [310, 314], [320, 321], [320, 330], [322, 326], [322, 327], [327, 320], [327, 328], [330, 332], [330, 333], [333, 334], [333, 337], [340, 341], [340, 342], [342, 343], [342, 344], [352, 353], [352, 354], [354, 355], [354, 356], [356, 357], [356, 358], [358, 359], [358, 360], [360, 361], [360, 362], [362, 363], [362, 364], [368, 369], [368, 370], [375, 376], [375, 381], [376, 377], [376, 379], [387, 388], [387, 389], [389, 390], [389, 392], [404, 405], [404, 407], [408, 409], [408, 411], [427, 428], [427, 430], [454, 456], [454, 459]], "functions": {"command": {"executed_lines": [66, 86], "summary": {"covered_lines": 2, "num_statements": 2, "percent_covered": 100.0, "percent_covered_display": "100", "missing_lines": 0, "excluded_lines": 0, "num_branches": 0, "num_partial_branches": 0, "covered_branches": 0, "missing_branches": 0}, "missing_lines": [], "excluded_lines": [], "executed_branches": [], "missing_branches": []}, "command.decorator": {"executed_lines": [67, 68, 69, 72, 73, 75, 77, 79, 80, 82, 83, 85], "summary": {"covered_lines": 12, "num_statements": 12, "percent_covered": 100.0, "percent_covered_display": "100", "missing_lines": 0, "excluded_lines": 0, "num_branches": 8, "num_partial_branches": 0, "covered_branches": 8, "missing_branches": 0}, "missing_lines": [], "excluded_lines": [], "executed_branches": [[68, 69], [68, 72], [72, 73], [72, 75], [79, 80], [79, 85], [82, 83], [82, 85]], "missing_branches": []}, "add": {"executed_lines": [], "summary": {"covered_lines": 0, "num_statements": 2, "percent_covered": 0.0, "percent_covered_display": "0", "missing_lines": 2, "excluded_lines": 0, "num_branches": 0, "num_partial_branches": 0, "covered_branches": 0, "missing_branches": 0}, "missing_lines": [93, 96], "excluded_lines": [], "executed_branches": [], "missing_branches": []}, "name": {"executed_lines": [], "summary": {"covered_lines": 0, "num_statements": 3, "percent_covered": 0.0, "percent_covered_display": "0", "missing_lines": 3, "excluded_lines": 0, "num_branches": 0, "num_partial_branches": 0, "covered_branches": 0, "missing_branches": 0}, "missing_lines": [103, 107, 110], "excluded_lines": [], "executed_branches": [], "missing_branches": []}, "name.dec": {"executed_lines": [], "summary": {"covered_lines": 0, "num_statements": 2, "percent_covered": 0.0, "percent_covered_display": "0", "missing_lines": 2, "excluded_lines": 0, "num_branches": 0, "num_partial_branches": 0, "covered_branches": 0, "missing_branches": 0}, "missing_lines": [108, 109], "excluded_lines": [], "executed_branches": [], "missing_branches": []}, "alias": {"executed_lines": [], "summary": {"covered_lines": 0, "num_statements": 3, "percent_covered": 0.0, "percent_covered_display": "0", "missing_lines": 3, "excluded_lines": 0, "num_branches": 0, "num_partial_branches": 0, "covered_branches": 0, "missing_branches": 0}, "missing_lines": [117, 121, 127], "excluded_lines": [], "executed_branches": [], "missing_branches": []}, "alias.dec": {"executed_lines": [], "summary": {"covered_lines": 0, "num_statements": 5, "percent_covered": 0.0, "percent_covered_display": "0", "missing_lines": 5, "excluded_lines": 0, "num_branches": 0, "num_partial_branches": 0, "covered_branches": 0, "missing_branches": 0}, "missing_lines": [122, 123, 124, 125, 126], "excluded_lines": [], "executed_branches": [], "missing_branches": []}, "restrict": {"executed_lines": [139, 142], "summary": {"covered_lines": 2, "num_statements": 2, "percent_covered": 100.0, "percent_covered_display": "100", "missing_lines": 0, "excluded_lines": 0, "num_branches": 0, "num_partial_branches": 0, "covered_branches": 0, "missing_branches": 0}, "missing_lines": [], "excluded_lines": [], "executed_branches": [], "missing_branches": []}, "restrict.decorator": {"executed_lines": [140, 141], "summary": {"covered_lines": 2, "num_statements": 2, "percent_covered": 100.0, "percent_covered_display": "100", "missing_lines": 0, "excluded_lines": 0, "num_branches": 0, "num_partial_branches": 0, "covered_branches": 0, "missing_branches": 0}, "missing_lines": [], "excluded_lines": [], "executed_branches": [], "missing_branches": []}, "has_permission": {"executed_lines": [], "summary": {"covered_lines": 0, "num_statements": 7, "percent_covered": 0.0, "percent_covered_display": "0", "missing_lines": 7, "excluded_lines": 0, "num_branches": 6, "num_partial_branches": 0, "covered_branches": 0, "missing_branches": 6}, "missing_lines": [146, 147, 148, 149, 150, 151, 153], "excluded_lines": [], "executed_branches": [], "missing_branches": [[146, 147], [146, 148], [148, 149], [148, 150], [150, 151], [150, 153]]}, "get_command_help": {"executed_lines": [], "summary": {"covered_lines": 0, "num_statements": 21, "percent_covered": 0.0, "percent_covered_display": "0", "missing_lines": 21, "excluded_lines": 0, "num_branches": 12, "num_partial_branches": 0, "covered_branches": 0, "missing_branches": 12}, "missing_lines": [160, 161, 162, 164, 166, 171, 172, 173, 174, 176, 177, 178, 179, 180, 181, 182, 183, 184, 185, 187, 189], "excluded_lines": [], "executed_branches": [], "missing_branches": [[161, 162], [161, 164], [176, 177], [176, 189], [178, 179], [178, 180], [180, 181], [180, 182], [182, 183], [182, 184], [184, 185], [184, 187]]}, "format_command_error": {"executed_lines": [], "summary": {"covered_lines": 0, "num_statements": 4, "percent_covered": 0.0, "percent_covered_display": "0", "missing_lines": 4, "excluded_lines": 0, "num_branches": 2, "num_partial_branches": 0, "covered_branches": 0, "missing_branches": 2}, "missing_lines": [195, 197, 198, 200], "excluded_lines": [], "executed_branches": [], "missing_branches": [[197, 198], [197, 200]]}, "add_rights": {"executed_lines": [], "summary": {"covered_lines": 0, "num_statements": 1, "percent_covered": 0.0, "percent_covered_display": "0", "missing_lines": 1, "excluded_lines": 0, "num_branches": 0, "num_partial_branches": 0, "covered_branches": 0, "missing_branches": 0}, "missing_lines": [213], "excluded_lines": [], "executed_branches": [], "missing_branches": []}, "get_rights": {"executed_lines": [], "summary": {"covered_lines": 0, "num_statements": 2, "percent_covered": 0.0, "percent_covered_display": "0", "missing_lines": 2, "excluded_lines": 0, "num_branches": 0, "num_partial_branches": 0, "covered_branches": 0, "missing_branches": 0}, "missing_lines": [226, 227], "excluded_lines": [], "executed_branches": [], "missing_branches": []}, "update_rights": {"executed_lines": [], "summary": {"covered_lines": 0, "num_statements": 1, "percent_covered": 0.0, "percent_covered_display": "0", "missing_lines": 1, "excluded_lines": 0, "num_branches": 0, "num_partial_branches": 0, "covered_branches": 0, "missing_branches": 0}, "missing_lines": [239], "excluded_lines": [], "executed_branches": [], "missing_branches": []}, "admin": {"executed_lines": [], "summary": {"covered_lines": 0, "num_statements": 1, "percent_covered": 0.0, "percent_covered_display": "0", "missing_lines": 1, "excluded_lines": 0, "num_branches": 0, "num_partial_branches": 0, "covered_branches": 0, "missing_branches": 0}, "missing_lines": [252], "excluded_lines": [], "executed_branches": [], "missing_branches": []}, "player_only": {"executed_lines": [264, 265, 269], "summary": {"covered_lines": 3, "num_statements": 3, "percent_covered": 100.0, "percent_covered_display": "100", "missing_lines": 0, "excluded_lines": 0, "num_branches": 0, "num_partial_branches": 0, "covered_branches": 0, "missing_branches": 0}, "missing_lines": [], "excluded_lines": [], "executed_branches": [], "missing_branches": []}, "player_only._decorated": {"executed_lines": [], "summary": {"covered_lines": 0, "num_statements": 3, "percent_covered": 0.0, "percent_covered_display": "0", "missing_lines": 3, "excluded_lines": 0, "num_branches": 2, "num_partial_branches": 0, "covered_branches": 0, "missing_branches": 2}, "missing_lines": [266, 267, 268], "excluded_lines": [], "executed_branches": [], "missing_branches": [[266, 267], [266, 268]]}, "target_player": {"executed_lines": [284, 285, 297], "summary": {"covered_lines": 3, "num_statements": 3, "percent_covered": 100.0, "percent_covered_display": "100", "missing_lines": 0, "excluded_lines": 0, "num_branches": 0, "num_partial_branches": 0, "covered_branches": 0, "missing_branches": 0}, "missing_lines": [], "excluded_lines": [], "executed_branches": [], "missing_branches": []}, "target_player._decorated": {"executed_lines": [], "summary": {"covered_lines": 0, "num_statements": 7, "percent_covered": 0.0, "percent_covered_display": "0", "missing_lines": 7, "excluded_lines": 0, "num_branches": 4, "num_partial_branches": 0, "covered_branches": 0, "missing_branches": 4}, "missing_lines": [286, 288, 289, 291, 292, 295, 296], "excluded_lines": [], "executed_branches": [], "missing_branches": [[288, 289], [288, 291], [291, 292], [291, 295]]}, "get_player": {"executed_lines": [], "summary": {"covered_lines": 0, "num_statements": 29, "percent_covered": 0.0, "percent_covered_display": "0", "missing_lines": 29, "excluded_lines": 0, "num_branches": 16, "num_partial_branches": 0, "covered_branches": 0, "missing_branches": 16}, "missing_lines": [308, 309, 310, 311, 312, 314, 315, 316, 317, 318, 319, 320, 321, 322, 326, 327, 328, 330, 332, 333, 334, 337, 338, 339, 340, 341, 342, 343, 344], "excluded_lines": [], "executed_branches": [], "missing_branches": [[310, 311], [310, 314], [320, 321], [320, 330], [322, 326], [322, 327], [327, 320], [327, 328], [330, 332], [330, 333], [333, 334], [333, 337], [340, 341], [340, 342], [342, 343], [342, 344]]}, "get_team": {"executed_lines": [], "summary": {"covered_lines": 0, "num_statements": 17, "percent_covered": 0.0, "percent_covered_display": "0", "missing_lines": 17, "excluded_lines": 0, "num_branches": 12, "num_partial_branches": 0, "covered_branches": 0, "missing_branches": 12}, "missing_lines": [348, 349, 350, 351, 352, 353, 354, 355, 356, 357, 358, 359, 360, 361, 362, 363, 364], "excluded_lines": [], "executed_branches": [], "missing_branches": [[352, 353], [352, 354], [354, 355], [354, 356], [356, 357], [356, 358], [358, 359], [358, 360], [360, 361], [360, 362], [362, 363], [362, 364]]}, "join_arguments": {"executed_lines": [], "summary": {"covered_lines": 0, "num_statements": 3, "percent_covered": 0.0, "percent_covered_display": "0", "missing_lines": 3, "excluded_lines": 0, "num_branches": 2, "num_partial_branches": 0, "covered_branches": 0, "missing_branches": 2}, "missing_lines": [368, 369, 370], "excluded_lines": [], "executed_branches": [], "missing_branches": [[368, 369], [368, 370]]}, "parse_maps": {"executed_lines": [], "summary": {"covered_lines": 0, "num_statements": 6, "percent_covered": 0.0, "percent_covered_display": "0", "missing_lines": 6, "excluded_lines": 0, "num_branches": 4, "num_partial_branches": 0, "covered_branches": 0, "missing_branches": 4}, "missing_lines": [374, 375, 376, 377, 379, 381], "excluded_lines": [], "executed_branches": [], "missing_branches": [[375, 376], [375, 381], [376, 377], [376, 379]]}, "get_truthy": {"executed_lines": [], "summary": {"covered_lines": 0, "num_statements": 6, "percent_covered": 0.0, "percent_covered_display": "0", "missing_lines": 6, "excluded_lines": 0, "num_branches": 4, "num_partial_branches": 0, "covered_branches": 0, "missing_branches": 4}, "missing_lines": [385, 387, 388, 389, 390, 392], "excluded_lines": [], "executed_branches": [], "missing_branches": [[387, 388], [387, 389], [389, 390], [389, 392]]}, "handle_command": {"executed_lines": [], "summary": {"covered_lines": 0, "num_statements": 8, "percent_covered": 0.0, "percent_covered_display": "0", "missing_lines": 8, "excluded_lines": 0, "num_branches": 4, "num_partial_branches": 0, "covered_branches": 0, "missing_branches": 4}, "missing_lines": [402, 404, 405, 407, 408, 409, 411, 417], "excluded_lines": [], "executed_branches": [], "missing_branches": [[404, 405], [404, 407], [408, 409], [408, 411]]}, "_handle_command": {"executed_lines": [], "summary": {"covered_lines": 0, "num_statements": 33, "percent_covered": 0.0, "percent_covered_display": "0", "missing_lines": 33, "excluded_lines": 0, "num_branches": 4, "num_partial_branches": 0, "covered_branches": 0, "missing_branches": 4}, "missing_lines": [420, 421, 422, 423, 424, 425, 427, 428, 430, 433, 440, 446, 451, 452, 454, 456, 459, 461, 462, 466, 467, 468, 469, 470, 471, 472, 473, 474, 475, 476, 477, 478, 480], "excluded_lines": [], "executed_branches": [], "missing_branches": [[427, 428], [427, 430], [454, 456], [454, 459]]}, "handle_input": {"executed_lines": [], "summary": {"covered_lines": 0, "num_statements": 1, "percent_covered": 0.0, "percent_covered_display": "0", "missing_lines": 1, "excluded_lines": 0, "num_branches": 0, "num_partial_branches": 0, "covered_branches": 0, "missing_branches": 0}, "missing_lines": [485], "excluded_lines": [], "executed_branches": [], "missing_branches": []}, "": {"executed_lines": [21, 22, 23, 24, 25, 26, 27, 29, 31, 32, 34, 35, 36, 38, 40, 41, 44, 45, 48, 89, 99, 113, 130, 145, 156, 159, 192, 207, 216, 230, 242, 255, 271, 299, 347, 367, 373, 384, 395, 419, 483], "summary": {"covered_lines": 41, "num_statements": 41, "percent_covered": 100.0, "percent_covered_display": "100", "missing_lines": 0, "excluded_lines": 0, "num_branches": 0, "num_partial_branches": 0, "covered_branches": 0, "missing_branches": 0}, "missing_lines": [], "excluded_lines": [], "executed_branches": [], "missing_branches": []}}, "classes": {"CommandError": {"executed_lines": [], "summary": {"covered_lines": 0, "num_statements": 0, "percent_covered": 100.0, "percent_covered_display": "100", "missing_lines": 0, "excluded_lines": 0, "num_branches": 0, "num_partial_branches": 0, "covered_branches": 0, "missing_branches": 0}, "missing_lines": [], "excluded_lines": [], "executed_branches": [], "missing_branches": []}, "PermissionDenied": {"executed_lines": [], "summary": {"covered_lines": 0, "num_statements": 0, "percent_covered": 100.0, "percent_covered_display": "100", "missing_lines": 0, "excluded_lines": 0, "num_branches": 0, "num_partial_branches": 0, "covered_branches": 0, "missing_branches": 0}, "missing_lines": [], "excluded_lines": [], "executed_branches": [], "missing_branches": []}, "": {"executed_lines": [21, 22, 23, 24, 25, 26, 27, 29, 31, 32, 34, 35, 36, 38, 40, 41, 44, 45, 48, 66, 67, 68, 69, 72, 73, 75, 77, 79, 80, 82, 83, 85, 86, 89, 99, 113, 130, 139, 140, 141, 142, 145, 156, 159, 192, 207, 216, 230, 242, 255, 264, 265, 269, 271, 284, 285, 297, 299, 347, 367, 373, 384, 395, 419, 483], "summary": {"covered_lines": 65, "num_statements": 230, "percent_covered": 23.548387096774192, "percent_covered_display": "24", "missing_lines": 165, "excluded_lines": 0, "num_branches": 80, "num_partial_branches": 0, "covered_branches": 8, "missing_branches": 72}, "missing_lines": [93, 96, 103, 107, 108, 109, 110, 117, 121, 122, 123, 124, 125, 126, 127, 146, 147, 148, 149, 150, 151, 153, 160, 161, 162, 164, 166, 171, 172, 173, 174, 176, 177, 178, 179, 180, 181, 182, 183, 184, 185, 187, 189, 195, 197, 198, 200, 213, 226, 227, 239, 252, 266, 267, 268, 286, 288, 289, 291, 292, 295, 296, 308, 309, 310, 311, 312, 314, 315, 316, 317, 318, 319, 320, 321, 322, 326, 327, 328, 330, 332, 333, 334, 337, 338, 339, 340, 341, 342, 343, 344, 348, 349, 350, 351, 352, 353, 354, 355, 356, 357, 358, 359, 360, 361, 362, 363, 364, 368, 369, 370, 374, 375, 376, 377, 379, 381, 385, 387, 388, 389, 390, 392, 402, 404, 405, 407, 408, 409, 411, 417, 420, 421, 422, 423, 424, 425, 427, 428, 430, 433, 440, 446, 451, 452, 454, 456, 459, 461, 462, 466, 467, 468, 469, 470, 471, 472, 473, 474, 475, 476, 477, 478, 480, 485], "excluded_lines": [], "executed_branches": [[68, 69], [68, 72], [72, 73], [72, 75], [79, 80], [79, 85], [82, 83], [82, 85]], "missing_branches": [[146, 147], [146, 148], [148, 149], [148, 150], [150, 151], [150, 153], [161, 162], [161, 164], [176, 177], [176, 189], [178, 179], [178, 180], [180, 181], [180, 182], [182, 183], [182, 184], [184, 185], [184, 187], [197, 198], [197, 200], [266, 267], [266, 268], [288, 289], [288, 291], [291, 292], [291, 295], [310, 311], [310, 314], [320, 321], [320, 330], [322, 326], [322, 327], [327, 320], [327, 328], [330, 332], [330, 333], [333, 334], [333, 337], [340, 341], [340, 342], [342, 343], [342, 344], [352, 353], [352, 354], [354, 355], [354, 356], [356, 357], [356, 358], [358, 359], [358, 360], [360, 361], [360, 362], [362, 363], [362, 364], [368, 369], [368, 370], [375, 376], [375, 381], [376, 377], [376, 379], [387, 388], [387, 389], [389, 390], [389, 392], [404, 405], [404, 407], [408, 409], [408, 411], [427, 428], [427, 430], [454, 456], [454, 459]]}}}, "piqueserver\\config.py": {"executed_lines": [18, 19, 20, 21, 23, 24, 25, 28, 29, 30, 33, 34, 35, 36, 39, 40, 65, 66, 67, 68, 71, 72, 74, 81, 89, 92, 100, 115, 122, 129, 142, 143, 144, 145, 147, 148, 150, 172, 177, 178, 179, 181, 185, 186, 188, 189, 190, 193, 194, 198, 199, 200, 201, 202, 204, 207, 210, 213, 216, 221, 224, 225, 226, 227, 228, 229, 231, 237, 238, 242, 249, 250, 251, 252, 253, 256, 258, 264, 265, 268, 270, 276, 277, 278, 279, 281, 292, 295, 300, 302, 304, 305, 307], "summary": {"covered_lines": 90, "num_statements": 149, "percent_covered": 52.28426395939086, "percent_covered_display": "52", "missing_lines": 59, "excluded_lines": 0, "num_branches": 48, "num_partial_branches": 5, "covered_branches": 13, "missing_branches": 35}, "missing_lines": [75, 76, 77, 78, 82, 83, 84, 86, 87, 90, 97, 98, 105, 106, 107, 108, 109, 111, 113, 119, 120, 126, 127, 134, 135, 136, 137, 139, 156, 157, 158, 159, 160, 161, 162, 164, 165, 167, 168, 170, 205, 208, 211, 214, 217, 218, 219, 222, 232, 233, 234, 266, 285, 286, 287, 288, 301, 303, 306], "excluded_lines": [], "executed_branches": [[143, 144], [143, 145], [185, 186], [185, 188], [226, 227], [264, 265], [264, 268], [265, 268], [277, 278], [277, 279], [300, 302], [302, 304], [305, 307]], "missing_branches": [[75, 76], [75, 77], [77, -74], [77, 78], [82, 83], [82, 87], [83, 84], [83, 86], [106, 107], [106, 108], [108, 109], [108, 111], [134, 135], [134, 136], [136, 137], [136, 139], [157, 158], [157, 170], [158, 159], [158, 167], [159, 160], [159, 164], [161, 157], [161, 162], [164, 157], [164, 165], [167, 157], [167, 168], [226, 229], [265, 266], [285, 286], [285, 287], [300, 301], [302, 303], [305, 306]], "functions": {"ConfigStore.__init__": {"executed_lines": [66, 67, 68, 71, 72], "summary": {"covered_lines": 5, "num_statements": 5, "percent_covered": 100.0, "percent_covered_display": "100", "missing_lines": 0, "excluded_lines": 0, "num_branches": 0, "num_partial_branches": 0, "covered_branches": 0, "missing_branches": 0}, "missing_lines": [], "excluded_lines": [], "executed_branches": [], "missing_branches": []}, "ConfigStore._validate_all": {"executed_lines": [], "summary": {"covered_lines": 0, "num_statements": 4, "percent_covered": 0.0, "percent_covered_display": "0", "missing_lines": 4, "excluded_lines": 0, "num_branches": 4, "num_partial_branches": 0, "covered_branches": 0, "missing_branches": 4}, "missing_lines": [75, 76, 77, 78], "excluded_lines": [], "executed_branches": [], "missing_branches": [[75, 76], [75, 77], [77, -74], [77, 78]]}, "ConfigStore._nested_update": {"executed_lines": [], "summary": {"covered_lines": 0, "num_statements": 5, "percent_covered": 0.0, "percent_covered_display": "0", "missing_lines": 5, "excluded_lines": 0, "num_branches": 4, "num_partial_branches": 0, "covered_branches": 0, "missing_branches": 4}, "missing_lines": [82, 83, 84, 86, 87], "excluded_lines": [], "executed_branches": [], "missing_branches": [[82, 83], [82, 87], [83, 84], [83, 86]]}, "ConfigStore.get_dict": {"executed_lines": [], "summary": {"covered_lines": 0, "num_statements": 1, "percent_covered": 0.0, "percent_covered_display": "0", "missing_lines": 1, "excluded_lines": 0, "num_branches": 0, "num_partial_branches": 0, "covered_branches": 0, "missing_branches": 0}, "missing_lines": [90], "excluded_lines": [], "executed_branches": [], "missing_branches": []}, "ConfigStore.load_from_file": {"executed_lines": [], "summary": {"covered_lines": 0, "num_statements": 2, "percent_covered": 0.0, "percent_covered_display": "0", "missing_lines": 2, "excluded_lines": 0, "num_branches": 0, "num_partial_branches": 0, "covered_branches": 0, "missing_branches": 0}, "missing_lines": [97, 98], "excluded_lines": [], "executed_branches": [], "missing_branches": []}, "ConfigStore.update_from_file": {"executed_lines": [], "summary": {"covered_lines": 0, "num_statements": 7, "percent_covered": 0.0, "percent_covered_display": "0", "missing_lines": 7, "excluded_lines": 0, "num_branches": 4, "num_partial_branches": 0, "covered_branches": 0, "missing_branches": 4}, "missing_lines": [105, 106, 107, 108, 109, 111, 113], "excluded_lines": [], "executed_branches": [], "missing_branches": [[106, 107], [106, 108], [108, 109], [108, 111]]}, "ConfigStore.load_from_dict": {"executed_lines": [], "summary": {"covered_lines": 0, "num_statements": 2, "percent_covered": 0.0, "percent_covered_display": "0", "missing_lines": 2, "excluded_lines": 0, "num_branches": 0, "num_partial_branches": 0, "covered_branches": 0, "missing_branches": 0}, "missing_lines": [119, 120], "excluded_lines": [], "executed_branches": [], "missing_branches": []}, "ConfigStore.update_from_dict": {"executed_lines": [], "summary": {"covered_lines": 0, "num_statements": 2, "percent_covered": 0.0, "percent_covered_display": "0", "missing_lines": 2, "excluded_lines": 0, "num_branches": 0, "num_partial_branches": 0, "covered_branches": 0, "missing_branches": 0}, "missing_lines": [126, 127], "excluded_lines": [], "executed_branches": [], "missing_branches": []}, "ConfigStore.dump_to_file": {"executed_lines": [], "summary": {"covered_lines": 0, "num_statements": 5, "percent_covered": 0.0, "percent_covered_display": "0", "missing_lines": 5, "excluded_lines": 0, "num_branches": 4, "num_partial_branches": 0, "covered_branches": 0, "missing_branches": 4}, "missing_lines": [134, 135, 136, 137, 139], "excluded_lines": [], "executed_branches": [], "missing_branches": [[134, 135], [134, 136], [136, 137], [136, 139]]}, "ConfigStore._get": {"executed_lines": [143, 144, 145], "summary": {"covered_lines": 3, "num_statements": 3, "percent_covered": 100.0, "percent_covered_display": "100", "missing_lines": 0, "excluded_lines": 0, "num_branches": 2, "num_partial_branches": 0, "covered_branches": 2, "missing_branches": 0}, "missing_lines": [], "excluded_lines": [], "executed_branches": [[143, 144], [143, 145]], "missing_branches": []}, "ConfigStore._set": {"executed_lines": [148], "summary": {"covered_lines": 1, "num_statements": 1, "percent_covered": 100.0, "percent_covered_display": "100", "missing_lines": 0, "excluded_lines": 0, "num_branches": 0, "num_partial_branches": 0, "covered_branches": 0, "missing_branches": 0}, "missing_lines": [], "excluded_lines": [], "executed_branches": [], "missing_branches": []}, "ConfigStore.check_unused": {"executed_lines": [], "summary": {"covered_lines": 0, "num_statements": 12, "percent_covered": 0.0, "percent_covered_display": "0", "missing_lines": 12, "excluded_lines": 0, "num_branches": 12, "num_partial_branches": 0, "covered_branches": 0, "missing_branches": 12}, "missing_lines": [156, 157, 158, 159, 160, 161, 162, 164, 165, 167, 168, 170], "excluded_lines": [], "executed_branches": [], "missing_branches": [[157, 158], [157, 170], [158, 159], [158, 167], [159, 160], [159, 164], [161, 157], [161, 162], [164, 157], [164, 165], [167, 157], [167, 168]]}, "ConfigStore.option": {"executed_lines": [177, 178, 179], "summary": {"covered_lines": 3, "num_statements": 3, "percent_covered": 100.0, "percent_covered_display": "100", "missing_lines": 0, "excluded_lines": 0, "num_branches": 0, "num_partial_branches": 0, "covered_branches": 0, "missing_branches": 0}, "missing_lines": [], "excluded_lines": [], "executed_branches": [], "missing_branches": []}, "ConfigStore.section": {"executed_lines": [185, 186, 188, 189, 190], "summary": {"covered_lines": 5, "num_statements": 5, "percent_covered": 100.0, "percent_covered_display": "100", "missing_lines": 0, "excluded_lines": 0, "num_branches": 2, "num_partial_branches": 0, "covered_branches": 2, "missing_branches": 0}, "missing_lines": [], "excluded_lines": [], "executed_branches": [[185, 186], [185, 188]], "missing_branches": []}, "_Section.__init__": {"executed_lines": [199, 200, 201, 202], "summary": {"covered_lines": 4, "num_statements": 4, "percent_covered": 100.0, "percent_covered_display": "100", "missing_lines": 0, "excluded_lines": 0, "num_branches": 0, "num_partial_branches": 0, "covered_branches": 0, "missing_branches": 0}, "missing_lines": [], "excluded_lines": [], "executed_branches": [], "missing_branches": []}, "_Section.get_dict": {"executed_lines": [], "summary": {"covered_lines": 0, "num_statements": 1, "percent_covered": 0.0, "percent_covered_display": "0", "missing_lines": 1, "excluded_lines": 0, "num_branches": 0, "num_partial_branches": 0, "covered_branches": 0, "missing_branches": 0}, "missing_lines": [205], "excluded_lines": [], "executed_branches": [], "missing_branches": []}, "_Section.load_from_file": {"executed_lines": [], "summary": {"covered_lines": 0, "num_statements": 1, "percent_covered": 0.0, "percent_covered_display": "0", "missing_lines": 1, "excluded_lines": 0, "num_branches": 0, "num_partial_branches": 0, "covered_branches": 0, "missing_branches": 0}, "missing_lines": [208], "excluded_lines": [], "executed_branches": [], "missing_branches": []}, "_Section.update_from_file": {"executed_lines": [], "summary": {"covered_lines": 0, "num_statements": 1, "percent_covered": 0.0, "percent_covered_display": "0", "missing_lines": 1, "excluded_lines": 0, "num_branches": 0, "num_partial_branches": 0, "covered_branches": 0, "missing_branches": 0}, "missing_lines": [211], "excluded_lines": [], "executed_branches": [], "missing_branches": []}, "_Section.load_from_dict": {"executed_lines": [], "summary": {"covered_lines": 0, "num_statements": 1, "percent_covered": 0.0, "percent_covered_display": "0", "missing_lines": 1, "excluded_lines": 0, "num_branches": 0, "num_partial_branches": 0, "covered_branches": 0, "missing_branches": 0}, "missing_lines": [214], "excluded_lines": [], "executed_branches": [], "missing_branches": []}, "_Section.update_from_dict": {"executed_lines": [], "summary": {"covered_lines": 0, "num_statements": 3, "percent_covered": 0.0, "percent_covered_display": "0", "missing_lines": 3, "excluded_lines": 0, "num_branches": 0, "num_partial_branches": 0, "covered_branches": 0, "missing_branches": 0}, "missing_lines": [217, 218, 219], "excluded_lines": [], "executed_branches": [], "missing_branches": []}, "_Section.dump_to_file": {"executed_lines": [], "summary": {"covered_lines": 0, "num_statements": 1, "percent_covered": 0.0, "percent_covered_display": "0", "missing_lines": 1, "excluded_lines": 0, "num_branches": 0, "num_partial_branches": 0, "covered_branches": 0, "missing_branches": 0}, "missing_lines": [222], "excluded_lines": [], "executed_branches": [], "missing_branches": []}, "_Section._get": {"executed_lines": [225, 226, 227, 228, 229], "summary": {"covered_lines": 5, "num_statements": 5, "percent_covered": 85.71428571428571, "percent_covered_display": "86", "missing_lines": 0, "excluded_lines": 0, "num_branches": 2, "num_partial_branches": 1, "covered_branches": 1, "missing_branches": 1}, "missing_lines": [], "excluded_lines": [], "executed_branches": [[226, 227]], "missing_branches": [[226, 229]]}, "_Section._set": {"executed_lines": [], "summary": {"covered_lines": 0, "num_statements": 3, "percent_covered": 0.0, "percent_covered_display": "0", "missing_lines": 3, "excluded_lines": 0, "num_branches": 0, "num_partial_branches": 0, "covered_branches": 0, "missing_branches": 0}, "missing_lines": [232, 233, 234], "excluded_lines": [], "executed_branches": [], "missing_branches": []}, "_Option.__init__": {"executed_lines": [249, 250, 251, 252, 253, 256], "summary": {"covered_lines": 6, "num_statements": 6, "percent_covered": 100.0, "percent_covered_display": "100", "missing_lines": 0, "excluded_lines": 0, "num_branches": 0, "num_partial_branches": 0, "covered_branches": 0, "missing_branches": 0}, "missing_lines": [], "excluded_lines": [], "executed_branches": [], "missing_branches": []}, "_Option._validate": {"executed_lines": [264, 265, 268], "summary": {"covered_lines": 3, "num_statements": 4, "percent_covered": 75.0, "percent_covered_display": "75", "missing_lines": 1, "excluded_lines": 0, "num_branches": 4, "num_partial_branches": 1, "covered_branches": 3, "missing_branches": 1}, "missing_lines": [266], "excluded_lines": [], "executed_branches": [[264, 265], [264, 268], [265, 268]], "missing_branches": [[265, 266]]}, "_Option.get": {"executed_lines": [276, 277, 278, 279], "summary": {"covered_lines": 4, "num_statements": 4, "percent_covered": 100.0, "percent_covered_display": "100", "missing_lines": 0, "excluded_lines": 0, "num_branches": 2, "num_partial_branches": 0, "covered_branches": 2, "missing_branches": 0}, "missing_lines": [], "excluded_lines": [], "executed_branches": [[277, 278], [277, 279]], "missing_branches": []}, "_Option.set": {"executed_lines": [], "summary": {"covered_lines": 0, "num_statements": 4, "percent_covered": 0.0, "percent_covered_display": "0", "missing_lines": 4, "excluded_lines": 0, "num_branches": 2, "num_partial_branches": 0, "covered_branches": 0, "missing_branches": 2}, "missing_lines": [285, 286, 287, 288], "excluded_lines": [], "executed_branches": [], "missing_branches": [[285, 286], [285, 287]]}, "cast_duration": {"executed_lines": [300, 302, 304, 305, 307], "summary": {"covered_lines": 5, "num_statements": 8, "percent_covered": 57.142857142857146, "percent_covered_display": "57", "missing_lines": 3, "excluded_lines": 0, "num_branches": 6, "num_partial_branches": 3, "covered_branches": 3, "missing_branches": 3}, "missing_lines": [301, 303, 306], "excluded_lines": [], "executed_branches": [[300, 302], [302, 304], [305, 307]], "missing_branches": [[300, 301], [302, 303], [305, 306]]}, "": {"executed_lines": [18, 19, 20, 21, 23, 24, 25, 28, 29, 30, 33, 34, 35, 36, 39, 40, 65, 74, 81, 89, 92, 100, 115, 122, 129, 142, 147, 150, 172, 181, 193, 194, 198, 204, 207, 210, 213, 216, 221, 224, 231, 237, 238, 242, 258, 270, 281, 292, 295], "summary": {"covered_lines": 46, "num_statements": 46, "percent_covered": 100.0, "percent_covered_display": "100", "missing_lines": 0, "excluded_lines": 0, "num_branches": 0, "num_partial_branches": 0, "covered_branches": 0, "missing_branches": 0}, "missing_lines": [], "excluded_lines": [], "executed_branches": [], "missing_branches": []}}, "classes": {"ConfigStore": {"executed_lines": [66, 67, 68, 71, 72, 143, 144, 145, 148, 177, 178, 179, 185, 186, 188, 189, 190], "summary": {"covered_lines": 17, "num_statements": 57, "percent_covered": 23.59550561797753, "percent_covered_display": "24", "missing_lines": 40, "excluded_lines": 0, "num_branches": 32, "num_partial_branches": 0, "covered_branches": 4, "missing_branches": 28}, "missing_lines": [75, 76, 77, 78, 82, 83, 84, 86, 87, 90, 97, 98, 105, 106, 107, 108, 109, 111, 113, 119, 120, 126, 127, 134, 135, 136, 137, 139, 156, 157, 158, 159, 160, 161, 162, 164, 165, 167, 168, 170], "excluded_lines": [], "executed_branches": [[143, 144], [143, 145], [185, 186], [185, 188]], "missing_branches": [[75, 76], [75, 77], [77, -74], [77, 78], [82, 83], [82, 87], [83, 84], [83, 86], [106, 107], [106, 108], [108, 109], [108, 111], [134, 135], [134, 136], [136, 137], [136, 139], [157, 158], [157, 170], [158, 159], [158, 167], [159, 160], [159, 164], [161, 157], [161, 162], [164, 157], [164, 165], [167, 157], [167, 168]]}, "_Section": {"executed_lines": [199, 200, 201, 202, 225, 226, 227, 228, 229], "summary": {"covered_lines": 9, "num_statements": 20, "percent_covered": 45.45454545454545, "percent_covered_display": "45", "missing_lines": 11, "excluded_lines": 0, "num_branches": 2, "num_partial_branches": 1, "covered_branches": 1, "missing_branches": 1}, "missing_lines": [205, 208, 211, 214, 217, 218, 219, 222, 232, 233, 234], "excluded_lines": [], "executed_branches": [[226, 227]], "missing_branches": [[226, 229]]}, "_Option": {"executed_lines": [249, 250, 251, 252, 253, 256, 264, 265, 268, 276, 277, 278, 279], "summary": {"covered_lines": 13, "num_statements": 18, "percent_covered": 69.23076923076923, "percent_covered_display": "69", "missing_lines": 5, "excluded_lines": 0, "num_branches": 8, "num_partial_branches": 1, "covered_branches": 5, "missing_branches": 3}, "missing_lines": [266, 285, 286, 287, 288], "excluded_lines": [], "executed_branches": [[264, 265], [264, 268], [265, 268], [277, 278], [277, 279]], "missing_branches": [[265, 266], [285, 286], [285, 287]]}, "": {"executed_lines": [18, 19, 20, 21, 23, 24, 25, 28, 29, 30, 33, 34, 35, 36, 39, 40, 65, 74, 81, 89, 92, 100, 115, 122, 129, 142, 147, 150, 172, 181, 193, 194, 198, 204, 207, 210, 213, 216, 221, 224, 231, 237, 238, 242, 258, 270, 281, 292, 295, 300, 302, 304, 305, 307], "summary": {"covered_lines": 51, "num_statements": 54, "percent_covered": 90.0, "percent_covered_display": "90", "missing_lines": 3, "excluded_lines": 0, "num_branches": 6, "num_partial_branches": 3, "covered_branches": 3, "missing_branches": 3}, "missing_lines": [301, 303, 306], "excluded_lines": [], "executed_branches": [[300, 302], [302, 304], [305, 307]], "missing_branches": [[300, 301], [302, 303], [305, 306]]}}}, "piqueserver\\console.py": {"executed_lines": [18, 20, 21, 23, 24, 26, 27, 29, 31, 33, 35, 36, 37, 38, 40, 45, 62, 65, 71, 72, 73, 74, 76, 83, 99, 102, 106], "summary": {"covered_lines": 27, "num_statements": 63, "percent_covered": 35.44303797468354, "percent_covered_display": "35", "missing_lines": 36, "excluded_lines": 0, "num_branches": 16, "num_partial_branches": 1, "covered_branches": 1, "missing_branches": 15}, "missing_lines": [41, 42, 43, 46, 47, 48, 49, 50, 51, 52, 53, 55, 56, 57, 59, 60, 63, 66, 68, 77, 78, 79, 80, 81, 84, 85, 87, 88, 90, 91, 93, 94, 100, 103, 107, 108], "excluded_lines": [], "executed_branches": [[31, 33]], "missing_branches": [[31, 68], [46, 47], [46, 60], [48, 49], [48, 53], [53, 55], [53, 56], [56, 57], [56, 59], [80, -76], [80, 81], [84, 85], [84, 87], [93, -83], [93, 94]], "functions": {"StandardIO.__init__": {"executed_lines": [], "summary": {"covered_lines": 0, "num_statements": 3, "percent_covered": 0.0, "percent_covered_display": "0", "missing_lines": 3, "excluded_lines": 0, "num_branches": 0, "num_partial_branches": 0, "covered_branches": 0, "missing_branches": 0}, "missing_lines": [41, 42, 43], "excluded_lines": [], "executed_branches": [], "missing_branches": []}, "StandardIO.get_input": {"executed_lines": [], "summary": {"covered_lines": 0, "num_statements": 13, "percent_covered": 0.0, "percent_covered_display": "0", "missing_lines": 13, "excluded_lines": 0, "num_branches": 8, "num_partial_branches": 0, "covered_branches": 0, "missing_branches": 8}, "missing_lines": [46, 47, 48, 49, 50, 51, 52, 53, 55, 56, 57, 59, 60], "excluded_lines": [], "executed_branches": [], "missing_branches": [[46, 47], [46, 60], [48, 49], [48, 53], [53, 55], [53, 56], [56, 57], [56, 59]]}, "StandardIO.write": {"executed_lines": [], "summary": {"covered_lines": 0, "num_statements": 1, "percent_covered": 0.0, "percent_covered_display": "0", "missing_lines": 1, "excluded_lines": 0, "num_branches": 0, "num_partial_branches": 0, "covered_branches": 0, "missing_branches": 0}, "missing_lines": [63], "excluded_lines": [], "executed_branches": [], "missing_branches": []}, "StandardIO.writeSequence": {"executed_lines": [], "summary": {"covered_lines": 0, "num_statements": 1, "percent_covered": 0.0, "percent_covered_display": "0", "missing_lines": 1, "excluded_lines": 0, "num_branches": 0, "num_partial_branches": 0, "covered_branches": 0, "missing_branches": 0}, "missing_lines": [66], "excluded_lines": [], "executed_branches": [], "missing_branches": []}, "ConsoleInput.__init__": {"executed_lines": [], "summary": {"covered_lines": 0, "num_statements": 5, "percent_covered": 0.0, "percent_covered_display": "0", "missing_lines": 5, "excluded_lines": 0, "num_branches": 2, "num_partial_branches": 0, "covered_branches": 0, "missing_branches": 2}, "missing_lines": [77, 78, 79, 80, 81], "excluded_lines": [], "executed_branches": [], "missing_branches": [[80, -76], [80, 81]]}, "ConsoleInput.lineReceived": {"executed_lines": [], "summary": {"covered_lines": 0, "num_statements": 8, "percent_covered": 0.0, "percent_covered_display": "0", "missing_lines": 8, "excluded_lines": 0, "num_branches": 4, "num_partial_branches": 0, "covered_branches": 0, "missing_branches": 4}, "missing_lines": [84, 85, 87, 88, 90, 91, 93, 94], "excluded_lines": [], "executed_branches": [], "missing_branches": [[84, 85], [84, 87], [93, -83], [93, 94]]}, "ConsoleInput.send_chat": {"executed_lines": [], "summary": {"covered_lines": 0, "num_statements": 1, "percent_covered": 0.0, "percent_covered_display": "0", "missing_lines": 1, "excluded_lines": 0, "num_branches": 0, "num_partial_branches": 0, "covered_branches": 0, "missing_branches": 0}, "missing_lines": [100], "excluded_lines": [], "executed_branches": [], "missing_branches": []}, "ConsoleInput.send_lines": {"executed_lines": [], "summary": {"covered_lines": 0, "num_statements": 1, "percent_covered": 0.0, "percent_covered_display": "0", "missing_lines": 1, "excluded_lines": 0, "num_branches": 0, "num_partial_branches": 0, "covered_branches": 0, "missing_branches": 0}, "missing_lines": [103], "excluded_lines": [], "executed_branches": [], "missing_branches": []}, "create_console": {"executed_lines": [], "summary": {"covered_lines": 0, "num_statements": 2, "percent_covered": 0.0, "percent_covered_display": "0", "missing_lines": 2, "excluded_lines": 0, "num_branches": 0, "num_partial_branches": 0, "covered_branches": 0, "missing_branches": 0}, "missing_lines": [107, 108], "excluded_lines": [], "executed_branches": [], "missing_branches": []}, "": {"executed_lines": [18, 20, 21, 23, 24, 26, 27, 29, 31, 33, 35, 36, 37, 38, 40, 45, 62, 65, 71, 72, 73, 74, 76, 83, 99, 102, 106], "summary": {"covered_lines": 27, "num_statements": 28, "percent_covered": 93.33333333333333, "percent_covered_display": "93", "missing_lines": 1, "excluded_lines": 0, "num_branches": 2, "num_partial_branches": 1, "covered_branches": 1, "missing_branches": 1}, "missing_lines": [68], "excluded_lines": [], "executed_branches": [[31, 33]], "missing_branches": [[31, 68]]}}, "classes": {"StandardIO": {"executed_lines": [], "summary": {"covered_lines": 0, "num_statements": 18, "percent_covered": 0.0, "percent_covered_display": "0", "missing_lines": 18, "excluded_lines": 0, "num_branches": 8, "num_partial_branches": 0, "covered_branches": 0, "missing_branches": 8}, "missing_lines": [41, 42, 43, 46, 47, 48, 49, 50, 51, 52, 53, 55, 56, 57, 59, 60, 63, 66], "excluded_lines": [], "executed_branches": [], "missing_branches": [[46, 47], [46, 60], [48, 49], [48, 53], [53, 55], [53, 56], [56, 57], [56, 59]]}, "ConsoleInput": {"executed_lines": [], "summary": {"covered_lines": 0, "num_statements": 15, "percent_covered": 0.0, "percent_covered_display": "0", "missing_lines": 15, "excluded_lines": 0, "num_branches": 6, "num_partial_branches": 0, "covered_branches": 0, "missing_branches": 6}, "missing_lines": [77, 78, 79, 80, 81, 84, 85, 87, 88, 90, 91, 93, 94, 100, 103], "excluded_lines": [], "executed_branches": [], "missing_branches": [[80, -76], [80, 81], [84, 85], [84, 87], [93, -83], [93, 94]]}, "": {"executed_lines": [18, 20, 21, 23, 24, 26, 27, 29, 31, 33, 35, 36, 37, 38, 40, 45, 62, 65, 71, 72, 73, 74, 76, 83, 99, 102, 106], "summary": {"covered_lines": 27, "num_statements": 30, "percent_covered": 87.5, "percent_covered_display": "88", "missing_lines": 3, "excluded_lines": 0, "num_branches": 2, "num_partial_branches": 1, "covered_branches": 1, "missing_branches": 1}, "missing_lines": [68, 107, 108], "excluded_lines": [], "executed_branches": [[31, 33]], "missing_branches": [[31, 68]]}}}, "piqueserver\\core_commands\\__init__.py": {"executed_lines": [3, 4, 5, 6, 9, 10, 11, 12], "summary": {"covered_lines": 8, "num_statements": 8, "percent_covered": 100.0, "percent_covered_display": "100", "missing_lines": 0, "excluded_lines": 0, "num_branches": 0, "num_partial_branches": 0, "covered_branches": 0, "missing_branches": 0}, "missing_lines": [], "excluded_lines": [], "executed_branches": [], "missing_branches": [], "functions": {"": {"executed_lines": [3, 4, 5, 6, 9, 10, 11, 12], "summary": {"covered_lines": 8, "num_statements": 8, "percent_covered": 100.0, "percent_covered_display": "100", "missing_lines": 0, "excluded_lines": 0, "num_branches": 0, "num_partial_branches": 0, "covered_branches": 0, "missing_branches": 0}, "missing_lines": [], "excluded_lines": [], "executed_branches": [], "missing_branches": []}}, "classes": {"": {"executed_lines": [3, 4, 5, 6, 9, 10, 11, 12], "summary": {"covered_lines": 8, "num_statements": 8, "percent_covered": 100.0, "percent_covered_display": "100", "missing_lines": 0, "excluded_lines": 0, "num_branches": 0, "num_partial_branches": 0, "covered_branches": 0, "missing_branches": 0}, "missing_lines": [], "excluded_lines": [], "executed_branches": [], "missing_branches": []}}}, "piqueserver\\core_commands\\game.py": {"executed_lines": [1, 2, 3, 4, 5, 6, 10, 11, 24, 25, 46, 47, 60, 61, 73, 74, 75, 106, 107, 129, 130, 156, 157, 183, 184, 198, 199, 219, 220, 233, 234], "summary": {"covered_lines": 31, "num_statements": 147, "percent_covered": 16.230366492146597, "percent_covered_display": "16", "missing_lines": 116, "excluded_lines": 0, "num_branches": 44, "num_partial_branches": 0, "covered_branches": 0, "missing_branches": 44}, "missing_lines": [16, 17, 18, 19, 21, 30, 32, 33, 34, 35, 36, 37, 38, 39, 40, 41, 53, 54, 55, 56, 66, 67, 68, 69, 80, 81, 83, 84, 86, 87, 89, 90, 91, 92, 93, 94, 95, 97, 99, 101, 102, 103, 112, 113, 114, 116, 117, 119, 120, 121, 124, 125, 135, 136, 137, 138, 139, 140, 141, 146, 147, 148, 149, 151, 162, 163, 164, 165, 166, 167, 168, 173, 174, 175, 176, 178, 189, 190, 191, 192, 194, 205, 206, 207, 208, 209, 211, 213, 225, 226, 227, 229, 230, 241, 242, 243, 244, 245, 246, 248, 249, 252, 253, 255, 256, 257, 258, 260, 261, 262, 264, 266, 267, 268, 269, 271], "excluded_lines": [], "executed_branches": [], "missing_branches": [[17, 18], [17, 19], [32, 33], [32, 39], [33, 34], [33, 37], [35, 33], [35, 36], [37, 38], [37, 39], [83, 84], [83, 86], [86, 87], [86, 89], [89, 90], [89, 101], [95, 97], [95, 99], [113, 114], [113, 116], [119, 120], [119, 124], [135, 136], [135, 146], [162, 163], [162, 173], [206, 207], [206, 208], [208, 209], [208, 211], [241, 242], [241, 245], [245, 246], [245, 264], [248, 249], [248, 252], [252, 253], [252, 255], [256, 257], [256, 260], [257, 256], [257, 258], [268, 269], [268, 271]], "functions": {"get_time_limit": {"executed_lines": [], "summary": {"covered_lines": 0, "num_statements": 5, "percent_covered": 0.0, "percent_covered_display": "0", "missing_lines": 5, "excluded_lines": 0, "num_branches": 2, "num_partial_branches": 0, "covered_branches": 0, "missing_branches": 2}, "missing_lines": [16, 17, 18, 19, 21], "excluded_lines": [], "executed_branches": [], "missing_branches": [[17, 18], [17, 19]]}, "reset_game": {"executed_lines": [], "summary": {"covered_lines": 0, "num_statements": 11, "percent_covered": 0.0, "percent_covered_display": "0", "missing_lines": 11, "excluded_lines": 0, "num_branches": 8, "num_partial_branches": 0, "covered_branches": 0, "missing_branches": 8}, "missing_lines": [30, 32, 33, 34, 35, 36, 37, 38, 39, 40, 41], "excluded_lines": [], "executed_branches": [], "missing_branches": [[32, 33], [32, 39], [33, 34], [33, 37], [35, 33], [35, 36], [37, 38], [37, 39]]}, "lock": {"executed_lines": [], "summary": {"covered_lines": 0, "num_statements": 4, "percent_covered": 0.0, "percent_covered_display": "0", "missing_lines": 4, "excluded_lines": 0, "num_branches": 0, "num_partial_branches": 0, "covered_branches": 0, "missing_branches": 0}, "missing_lines": [53, 54, 55, 56], "excluded_lines": [], "executed_branches": [], "missing_branches": []}, "unlock": {"executed_lines": [], "summary": {"covered_lines": 0, "num_statements": 4, "percent_covered": 0.0, "percent_covered_display": "0", "missing_lines": 4, "excluded_lines": 0, "num_branches": 0, "num_partial_branches": 0, "covered_branches": 0, "missing_branches": 0}, "missing_lines": [66, 67, 68, 69], "excluded_lines": [], "executed_branches": [], "missing_branches": []}, "switch": {"executed_lines": [], "summary": {"covered_lines": 0, "num_statements": 18, "percent_covered": 0.0, "percent_covered_display": "0", "missing_lines": 18, "excluded_lines": 0, "num_branches": 8, "num_partial_branches": 0, "covered_branches": 0, "missing_branches": 8}, "missing_lines": [80, 81, 83, 84, 86, 87, 89, 90, 91, 92, 93, 94, 95, 97, 99, 101, 102, 103], "excluded_lines": [], "executed_branches": [], "missing_branches": [[83, 84], [83, 86], [86, 87], [86, 89], [89, 90], [89, 101], [95, 97], [95, 99]]}, "set_balance": {"executed_lines": [], "summary": {"covered_lines": 0, "num_statements": 10, "percent_covered": 0.0, "percent_covered_display": "0", "missing_lines": 10, "excluded_lines": 0, "num_branches": 4, "num_partial_branches": 0, "covered_branches": 0, "missing_branches": 4}, "missing_lines": [112, 113, 114, 116, 117, 119, 120, 121, 124, 125], "excluded_lines": [], "executed_branches": [], "missing_branches": [[113, 114], [113, 116], [119, 120], [119, 124]]}, "toggle_build": {"executed_lines": [], "summary": {"covered_lines": 0, "num_statements": 12, "percent_covered": 0.0, "percent_covered_display": "0", "missing_lines": 12, "excluded_lines": 0, "num_branches": 2, "num_partial_branches": 0, "covered_branches": 0, "missing_branches": 2}, "missing_lines": [135, 136, 137, 138, 139, 140, 141, 146, 147, 148, 149, 151], "excluded_lines": [], "executed_branches": [], "missing_branches": [[135, 136], [135, 146]]}, "toggle_kill": {"executed_lines": [], "summary": {"covered_lines": 0, "num_statements": 12, "percent_covered": 0.0, "percent_covered_display": "0", "missing_lines": 12, "excluded_lines": 0, "num_branches": 2, "num_partial_branches": 0, "covered_branches": 0, "missing_branches": 2}, "missing_lines": [162, 163, 164, 165, 166, 167, 168, 173, 174, 175, 176, 178], "excluded_lines": [], "executed_branches": [], "missing_branches": [[162, 163], [162, 173]]}, "toggle_teamkill": {"executed_lines": [], "summary": {"covered_lines": 0, "num_statements": 5, "percent_covered": 0.0, "percent_covered_display": "0", "missing_lines": 5, "excluded_lines": 0, "num_branches": 0, "num_partial_branches": 0, "covered_branches": 0, "missing_branches": 0}, "missing_lines": [189, 190, 191, 192, 194], "excluded_lines": [], "executed_branches": [], "missing_branches": []}, "global_chat": {"executed_lines": [], "summary": {"covered_lines": 0, "num_statements": 7, "percent_covered": 0.0, "percent_covered_display": "0", "missing_lines": 7, "excluded_lines": 0, "num_branches": 4, "num_partial_branches": 0, "covered_branches": 0, "missing_branches": 4}, "missing_lines": [205, 206, 207, 208, 209, 211, 213], "excluded_lines": [], "executed_branches": [], "missing_branches": [[206, 207], [206, 208], [208, 209], [208, 211]]}, "set_time_limit": {"executed_lines": [], "summary": {"covered_lines": 0, "num_statements": 5, "percent_covered": 0.0, "percent_covered_display": "0", "missing_lines": 5, "excluded_lines": 0, "num_branches": 0, "num_partial_branches": 0, "covered_branches": 0, "missing_branches": 0}, "missing_lines": [225, 226, 227, 229, 230], "excluded_lines": [], "executed_branches": [], "missing_branches": []}, "fog": {"executed_lines": [], "summary": {"covered_lines": 0, "num_statements": 23, "percent_covered": 0.0, "percent_covered_display": "0", "missing_lines": 23, "excluded_lines": 0, "num_branches": 14, "num_partial_branches": 0, "covered_branches": 0, "missing_branches": 14}, "missing_lines": [241, 242, 243, 244, 245, 246, 248, 249, 252, 253, 255, 256, 257, 258, 260, 261, 262, 264, 266, 267, 268, 269, 271], "excluded_lines": [], "executed_branches": [], "missing_branches": [[241, 242], [241, 245], [245, 246], [245, 264], [248, 249], [248, 252], [252, 253], [252, 255], [256, 257], [256, 260], [257, 256], [257, 258], [268, 269], [268, 271]]}, "": {"executed_lines": [1, 2, 3, 4, 5, 6, 10, 11, 24, 25, 46, 47, 60, 61, 73, 74, 75, 106, 107, 129, 130, 156, 157, 183, 184, 198, 199, 219, 220, 233, 234], "summary": {"covered_lines": 31, "num_statements": 31, "percent_covered": 100.0, "percent_covered_display": "100", "missing_lines": 0, "excluded_lines": 0, "num_branches": 0, "num_partial_branches": 0, "covered_branches": 0, "missing_branches": 0}, "missing_lines": [], "excluded_lines": [], "executed_branches": [], "missing_branches": []}}, "classes": {"": {"executed_lines": [1, 2, 3, 4, 5, 6, 10, 11, 24, 25, 46, 47, 60, 61, 73, 74, 75, 106, 107, 129, 130, 156, 157, 183, 184, 198, 199, 219, 220, 233, 234], "summary": {"covered_lines": 31, "num_statements": 147, "percent_covered": 16.230366492146597, "percent_covered_display": "16", "missing_lines": 116, "excluded_lines": 0, "num_branches": 44, "num_partial_branches": 0, "covered_branches": 0, "missing_branches": 44}, "missing_lines": [16, 17, 18, 19, 21, 30, 32, 33, 34, 35, 36, 37, 38, 39, 40, 41, 53, 54, 55, 56, 66, 67, 68, 69, 80, 81, 83, 84, 86, 87, 89, 90, 91, 92, 93, 94, 95, 97, 99, 101, 102, 103, 112, 113, 114, 116, 117, 119, 120, 121, 124, 125, 135, 136, 137, 138, 139, 140, 141, 146, 147, 148, 149, 151, 162, 163, 164, 165, 166, 167, 168, 173, 174, 175, 176, 178, 189, 190, 191, 192, 194, 205, 206, 207, 208, 209, 211, 213, 225, 226, 227, 229, 230, 241, 242, 243, 244, 245, 246, 248, 249, 252, 253, 255, 256, 257, 258, 260, 261, 262, 264, 266, 267, 268, 269, 271], "excluded_lines": [], "executed_branches": [], "missing_branches": [[17, 18], [17, 19], [32, 33], [32, 39], [33, 34], [33, 37], [35, 33], [35, 36], [37, 38], [37, 39], [83, 84], [83, 86], [86, 87], [86, 89], [89, 90], [89, 101], [95, 97], [95, 99], [113, 114], [113, 116], [119, 120], [119, 124], [135, 136], [135, 146], [162, 163], [162, 173], [206, 207], [206, 208], [208, 209], [208, 211], [241, 242], [241, 245], [245, 246], [245, 264], [248, 249], [248, 252], [252, 253], [252, 255], [256, 257], [256, 260], [257, 256], [257, 258], [268, 269], [268, 271]]}}}, "piqueserver\\core_commands\\info.py": {"executed_lines": [1, 5, 6, 7, 16, 17, 18, 29, 30, 31, 42, 43, 63, 64], "summary": {"covered_lines": 14, "num_statements": 41, "percent_covered": 24.56140350877193, "percent_covered_display": "25", "missing_lines": 27, "excluded_lines": 0, "num_branches": 16, "num_partial_branches": 0, "covered_branches": 0, "missing_branches": 16}, "missing_lines": [12, 23, 24, 25, 26, 36, 37, 38, 39, 49, 50, 52, 54, 55, 56, 57, 58, 59, 60, 70, 71, 72, 73, 74, 75, 77, 78], "excluded_lines": [], "executed_branches": [], "missing_branches": [[24, 25], [24, 26], [37, 38], [37, 39], [49, 50], [49, 54], [55, 56], [55, 60], [56, 57], [56, 58], [70, 71], [70, 77], [71, 72], [71, 73], [77, -63], [77, 78]], "functions": {"streak": {"executed_lines": [], "summary": {"covered_lines": 0, "num_statements": 1, "percent_covered": 0.0, "percent_covered_display": "0", "missing_lines": 1, "excluded_lines": 0, "num_branches": 0, "num_partial_branches": 0, "covered_branches": 0, "missing_branches": 0}, "missing_lines": [12], "excluded_lines": [], "executed_branches": [], "missing_branches": []}, "ping": {"executed_lines": [], "summary": {"covered_lines": 0, "num_statements": 4, "percent_covered": 0.0, "percent_covered_display": "0", "missing_lines": 4, "excluded_lines": 0, "num_branches": 2, "num_partial_branches": 0, "covered_branches": 0, "missing_branches": 2}, "missing_lines": [23, 24, 25, 26], "excluded_lines": [], "executed_branches": [], "missing_branches": [[24, 25], [24, 26]]}, "rules": {"executed_lines": [], "summary": {"covered_lines": 0, "num_statements": 4, "percent_covered": 0.0, "percent_covered_display": "0", "missing_lines": 4, "excluded_lines": 0, "num_branches": 2, "num_partial_branches": 0, "covered_branches": 0, "missing_branches": 2}, "missing_lines": [36, 37, 38, 39], "excluded_lines": [], "executed_branches": [], "missing_branches": [[37, 38], [37, 39]]}, "commands": {"executed_lines": [], "summary": {"covered_lines": 0, "num_statements": 10, "percent_covered": 0.0, "percent_covered_display": "0", "missing_lines": 10, "excluded_lines": 0, "num_branches": 6, "num_partial_branches": 0, "covered_branches": 0, "missing_branches": 6}, "missing_lines": [49, 50, 52, 54, 55, 56, 57, 58, 59, 60], "excluded_lines": [], "executed_branches": [], "missing_branches": [[49, 50], [49, 54], [55, 56], [55, 60], [56, 57], [56, 58]]}, "help_command": {"executed_lines": [], "summary": {"covered_lines": 0, "num_statements": 8, "percent_covered": 0.0, "percent_covered_display": "0", "missing_lines": 8, "excluded_lines": 0, "num_branches": 6, "num_partial_branches": 0, "covered_branches": 0, "missing_branches": 6}, "missing_lines": [70, 71, 72, 73, 74, 75, 77, 78], "excluded_lines": [], "executed_branches": [], "missing_branches": [[70, 71], [70, 77], [71, 72], [71, 73], [77, -63], [77, 78]]}, "": {"executed_lines": [1, 5, 6, 7, 16, 17, 18, 29, 30, 31, 42, 43, 63, 64], "summary": {"covered_lines": 14, "num_statements": 14, "percent_covered": 100.0, "percent_covered_display": "100", "missing_lines": 0, "excluded_lines": 0, "num_branches": 0, "num_partial_branches": 0, "covered_branches": 0, "missing_branches": 0}, "missing_lines": [], "excluded_lines": [], "executed_branches": [], "missing_branches": []}}, "classes": {"": {"executed_lines": [1, 5, 6, 7, 16, 17, 18, 29, 30, 31, 42, 43, 63, 64], "summary": {"covered_lines": 14, "num_statements": 41, "percent_covered": 24.56140350877193, "percent_covered_display": "25", "missing_lines": 27, "excluded_lines": 0, "num_branches": 16, "num_partial_branches": 0, "covered_branches": 0, "missing_branches": 16}, "missing_lines": [12, 23, 24, 25, 26, 36, 37, 38, 39, 49, 50, 52, 54, 55, 56, 57, 58, 59, 60, 70, 71, 72, 73, 74, 75, 77, 78], "excluded_lines": [], "executed_branches": [], "missing_branches": [[24, 25], [24, 26], [37, 38], [37, 39], [49, 50], [49, 54], [55, 56], [55, 60], [56, 57], [56, 58], [70, 71], [70, 77], [71, 72], [71, 73], [77, -63], [77, 78]]}}}, "piqueserver\\core_commands\\map.py": {"executed_lines": [1, 2, 5, 6, 14, 15, 23, 24, 46, 47, 67, 68, 91, 92, 107, 108, 116, 117], "summary": {"covered_lines": 18, "num_statements": 66, "percent_covered": 25.714285714285715, "percent_covered_display": "26", "missing_lines": 48, "excluded_lines": 0, "num_branches": 4, "num_partial_branches": 0, "covered_branches": 0, "missing_branches": 4}, "missing_lines": [11, 20, 29, 30, 33, 34, 35, 37, 38, 39, 40, 42, 43, 52, 53, 55, 57, 58, 59, 60, 61, 62, 63, 73, 75, 77, 79, 80, 81, 83, 84, 85, 86, 87, 97, 98, 99, 100, 102, 103, 104, 113, 122, 124, 125, 126, 127, 128], "excluded_lines": [], "executed_branches": [], "missing_branches": [[34, 35], [34, 37], [57, 58], [57, 59]], "functions": {"mapname": {"executed_lines": [], "summary": {"covered_lines": 0, "num_statements": 1, "percent_covered": 0.0, "percent_covered_display": "0", "missing_lines": 1, "excluded_lines": 0, "num_branches": 0, "num_partial_branches": 0, "covered_branches": 0, "missing_branches": 0}, "missing_lines": [11], "excluded_lines": [], "executed_branches": [], "missing_branches": []}, "show_rotation": {"executed_lines": [], "summary": {"covered_lines": 0, "num_statements": 1, "percent_covered": 0.0, "percent_covered_display": "0", "missing_lines": 1, "excluded_lines": 0, "num_branches": 0, "num_partial_branches": 0, "covered_branches": 0, "missing_branches": 0}, "missing_lines": [20], "excluded_lines": [], "executed_branches": [], "missing_branches": []}, "change_planned_map": {"executed_lines": [], "summary": {"covered_lines": 0, "num_statements": 11, "percent_covered": 0.0, "percent_covered_display": "0", "missing_lines": 11, "excluded_lines": 0, "num_branches": 2, "num_partial_branches": 0, "covered_branches": 0, "missing_branches": 2}, "missing_lines": [29, 30, 33, 34, 35, 37, 38, 39, 40, 42, 43], "excluded_lines": [], "executed_branches": [], "missing_branches": [[34, 35], [34, 37]]}, "change_rotation": {"executed_lines": [], "summary": {"covered_lines": 0, "num_statements": 10, "percent_covered": 0.0, "percent_covered_display": "0", "missing_lines": 10, "excluded_lines": 0, "num_branches": 2, "num_partial_branches": 0, "covered_branches": 0, "missing_branches": 2}, "missing_lines": [52, 53, 55, 57, 58, 59, 60, 61, 62, 63], "excluded_lines": [], "executed_branches": [], "missing_branches": [[57, 58], [57, 59]]}, "rotation_add": {"executed_lines": [], "summary": {"covered_lines": 0, "num_statements": 11, "percent_covered": 0.0, "percent_covered_display": "0", "missing_lines": 11, "excluded_lines": 0, "num_branches": 0, "num_partial_branches": 0, "covered_branches": 0, "missing_branches": 0}, "missing_lines": [73, 75, 77, 79, 80, 81, 83, 84, 85, 86, 87], "excluded_lines": [], "executed_branches": [], "missing_branches": []}, "revert_rotation": {"executed_lines": [], "summary": {"covered_lines": 0, "num_statements": 7, "percent_covered": 0.0, "percent_covered_display": "0", "missing_lines": 7, "excluded_lines": 0, "num_branches": 0, "num_partial_branches": 0, "covered_branches": 0, "missing_branches": 0}, "missing_lines": [97, 98, 99, 100, 102, 103, 104], "excluded_lines": [], "executed_branches": [], "missing_branches": []}, "advance": {"executed_lines": [], "summary": {"covered_lines": 0, "num_statements": 1, "percent_covered": 0.0, "percent_covered_display": "0", "missing_lines": 1, "excluded_lines": 0, "num_branches": 0, "num_partial_branches": 0, "covered_branches": 0, "missing_branches": 0}, "missing_lines": [113], "excluded_lines": [], "executed_branches": [], "missing_branches": []}, "load_map": {"executed_lines": [], "summary": {"covered_lines": 0, "num_statements": 6, "percent_covered": 0.0, "percent_covered_display": "0", "missing_lines": 6, "excluded_lines": 0, "num_branches": 0, "num_partial_branches": 0, "covered_branches": 0, "missing_branches": 0}, "missing_lines": [122, 124, 125, 126, 127, 128], "excluded_lines": [], "executed_branches": [], "missing_branches": []}, "": {"executed_lines": [1, 2, 5, 6, 14, 15, 23, 24, 46, 47, 67, 68, 91, 92, 107, 108, 116, 117], "summary": {"covered_lines": 18, "num_statements": 18, "percent_covered": 100.0, "percent_covered_display": "100", "missing_lines": 0, "excluded_lines": 0, "num_branches": 0, "num_partial_branches": 0, "covered_branches": 0, "missing_branches": 0}, "missing_lines": [], "excluded_lines": [], "executed_branches": [], "missing_branches": []}}, "classes": {"": {"executed_lines": [1, 2, 5, 6, 14, 15, 23, 24, 46, 47, 67, 68, 91, 92, 107, 108, 116, 117], "summary": {"covered_lines": 18, "num_statements": 66, "percent_covered": 25.714285714285715, "percent_covered_display": "26", "missing_lines": 48, "excluded_lines": 0, "num_branches": 4, "num_partial_branches": 0, "covered_branches": 0, "missing_branches": 4}, "missing_lines": [11, 20, 29, 30, 33, 34, 35, 37, 38, 39, 40, 42, 43, 52, 53, 55, 57, 58, 59, 60, 61, 62, 63, 73, 75, 77, 79, 80, 81, 83, 84, 85, 86, 87, 97, 98, 99, 100, 102, 103, 104, 113, 122, 124, 125, 126, 127, 128], "excluded_lines": [], "executed_branches": [], "missing_branches": [[34, 35], [34, 37], [57, 58], [57, 59]]}}}, "piqueserver\\core_commands\\moderation.py": {"executed_lines": [1, 2, 4, 6, 7, 10, 12, 15, 19, 48, 49, 60, 61, 71, 72, 83, 84, 95, 96, 107, 108, 119, 120, 139, 140, 152, 153, 165, 166, 176, 177, 190, 191, 204, 205, 206, 214, 215, 235, 236, 237, 301, 302, 340, 341, 360, 361, 362], "summary": {"covered_lines": 48, "num_statements": 222, "percent_covered": 17.391304347826086, "percent_covered_display": "17", "missing_lines": 174, "excluded_lines": 0, "num_branches": 54, "num_partial_branches": 0, "covered_branches": 0, "missing_branches": 54}, "missing_lines": [16, 27, 28, 29, 30, 31, 32, 33, 34, 36, 37, 38, 39, 40, 41, 43, 44, 45, 55, 56, 57, 66, 67, 68, 77, 78, 79, 80, 89, 90, 91, 92, 101, 102, 103, 104, 113, 114, 115, 116, 125, 126, 127, 128, 129, 130, 131, 132, 133, 135, 145, 146, 147, 148, 149, 158, 159, 160, 162, 171, 172, 173, 182, 183, 184, 185, 186, 187, 196, 197, 198, 199, 200, 201, 211, 220, 221, 222, 223, 224, 225, 226, 227, 228, 229, 230, 231, 232, 242, 244, 245, 246, 247, 248, 249, 250, 251, 252, 253, 254, 255, 258, 259, 260, 261, 262, 263, 264, 265, 266, 267, 268, 269, 270, 271, 272, 273, 274, 275, 276, 277, 278, 279, 280, 281, 282, 283, 284, 285, 286, 287, 288, 289, 290, 291, 292, 293, 294, 295, 296, 298, 307, 308, 309, 310, 312, 314, 315, 317, 319, 320, 321, 325, 327, 329, 330, 334, 336, 346, 347, 348, 349, 351, 353, 354, 356, 357, 367, 369, 371, 373, 374, 375, 376], "excluded_lines": [], "executed_branches": [], "missing_branches": [[29, 30], [29, 31], [31, 32], [31, 33], [33, 34], [33, 36], [36, 37], [36, 38], [38, 39], [38, 43], [40, 41], [40, 45], [132, 133], [132, 135], [158, 159], [158, 162], [183, 184], [183, 185], [197, 198], [197, 199], [223, 224], [223, 230], [225, 226], [225, 228], [228, 223], [228, 229], [230, 231], [230, 232], [249, 250], [249, 258], [294, -235], [294, 295], [295, 296], [295, 298], [307, 308], [307, 309], [309, 310], [309, 312], [314, 315], [314, 317], [319, 320], [319, 329], [320, 321], [320, 325], [329, 330], [329, 334], [346, 347], [346, 348], [348, 349], [348, 351], [353, 354], [353, 356], [374, 375], [374, 376]], "functions": {"has_digits": {"executed_lines": [], "summary": {"covered_lines": 0, "num_statements": 1, "percent_covered": 0.0, "percent_covered_display": "0", "missing_lines": 1, "excluded_lines": 0, "num_branches": 0, "num_partial_branches": 0, "covered_branches": 0, "missing_branches": 0}, "missing_lines": [16], "excluded_lines": [], "executed_branches": [], "missing_branches": []}, "get_ban_arguments": {"executed_lines": [], "summary": {"covered_lines": 0, "num_statements": 17, "percent_covered": 0.0, "percent_covered_display": "0", "missing_lines": 17, "excluded_lines": 0, "num_branches": 12, "num_partial_branches": 0, "covered_branches": 0, "missing_branches": 12}, "missing_lines": [27, 28, 29, 30, 31, 32, 3
[...]
ing_lines": 2, "excluded_lines": 0, "num_branches": 0, "num_partial_branches": 0, "covered_branches": 0, "missing_branches": 0}, "missing_lines": [82, 83], "excluded_lines": [], "executed_branches": [], "missing_branches": []}, "Team.get_entities": {"executed_lines": [], "summary": {"covered_lines": 0, "num_statements": 3, "percent_covered": 0.0, "percent_covered_display": "0", "missing_lines": 3, "excluded_lines": 0, "num_branches": 4, "num_partial_branches": 0, "covered_branches": 0, "missing_branches": 4}, "missing_lines": [87, 88, 89], "excluded_lines": [], "executed_branches": [], "missing_branches": [[87, -86], [87, 88], [88, 87], [88, 89]]}, "Team.__repr__": {"executed_lines": [], "summary": {"covered_lines": 0, "num_statements": 1, "percent_covered": 0.0, "percent_covered_display": "0", "missing_lines": 1, "excluded_lines": 0, "num_branches": 0, "num_partial_branches": 0, "covered_branches": 0, "missing_branches": 0}, "missing_lines": [92], "excluded_lines": [], "executed_branches": [], "missing_branches": []}, "": {"executed_lines": [1, 2, 7, 8, 11, 12, 13, 14, 15, 16, 17, 18, 20, 28, 33, 40, 49, 64, 78, 81, 86, 91], "summary": {"covered_lines": 22, "num_statements": 22, "percent_covered": 100.0, "percent_covered_display": "100", "missing_lines": 0, "excluded_lines": 0, "num_branches": 0, "num_partial_branches": 0, "covered_branches": 0, "missing_branches": 0}, "missing_lines": [], "excluded_lines": [], "executed_branches": [], "missing_branches": []}}, "classes": {"Team": {"executed_lines": [], "summary": {"covered_lines": 0, "num_statements": 50, "percent_covered": 0.0, "percent_covered_display": "0", "missing_lines": 50, "excluded_lines": 0, "num_branches": 24, "num_partial_branches": 0, "covered_branches": 0, "missing_branches": 24}, "missing_lines": [22, 23, 24, 25, 26, 29, 30, 31, 34, 35, 36, 37, 38, 41, 42, 43, 44, 45, 46, 47, 50, 51, 52, 53, 54, 55, 56, 58, 59, 60, 61, 62, 65, 66, 67, 68, 69, 70, 71, 73, 74, 75, 76, 79, 82, 83, 87, 88, 89, 92], "excluded_lines": [], "executed_branches": [], "missing_branches": [[29, -28], [29, 30], [30, 29], [30, 31], [35, 36], [35, 38], [36, 35], [36, 37], [41, 42], [41, 43], [45, -40], [45, 46], [51, 52], [51, 55], [58, 59], [58, 60], [66, 67], [66, 70], [73, 74], [73, 75], [87, -86], [87, 88], [88, 87], [88, 89]]}, "": {"executed_lines": [1, 2, 7, 8, 11, 12, 13, 14, 15, 16, 17, 18, 20, 28, 33, 40, 49, 64, 78, 81, 86, 91], "summary": {"covered_lines": 22, "num_statements": 22, "percent_covered": 100.0, "percent_covered_display": "100", "missing_lines": 0, "excluded_lines": 0, "num_branches": 0, "num_partial_branches": 0, "covered_branches": 0, "missing_branches": 0}, "missing_lines": [], "excluded_lines": [], "executed_branches": [], "missing_branches": []}}}, "pyspades\\tools.py": {"executed_lines": [21, 22, 32], "summary": {"covered_lines": 3, "num_statements": 23, "percent_covered": 11.11111111111111, "percent_covered_display": "11", "missing_lines": 20, "excluded_lines": 0, "num_branches": 4, "num_partial_branches": 0, "covered_branches": 0, "missing_branches": 4}, "missing_lines": [24, 25, 26, 27, 28, 29, 33, 34, 35, 36, 37, 38, 40, 41, 42, 43, 44, 45, 46, 47], "excluded_lines": [], "executed_branches": [], "missing_branches": [[33, 34], [33, 35], [36, 37], [36, 40]], "functions": {"make_server_identifier": {"executed_lines": [], "summary": {"covered_lines": 0, "num_statements": 6, "percent_covered": 0.0, "percent_covered_display": "0", "missing_lines": 6, "excluded_lines": 0, "num_branches": 0, "num_partial_branches": 0, "covered_branches": 0, "missing_branches": 0}, "missing_lines": [24, 25, 26, 27, 28, 29], "excluded_lines": [], "executed_branches": [], "missing_branches": []}, "get_server_details": {"executed_lines": [], "summary": {"covered_lines": 0, "num_statements": 14, "percent_covered": 0.0, "percent_covered_display": "0", "missing_lines": 14, "excluded_lines": 0, "num_branches": 4, "num_partial_branches": 0, "covered_branches": 0, "missing_branches": 4}, "missing_lines": [33, 34, 35, 36, 37, 38, 40, 41, 42, 43, 44, 45, 46, 47], "excluded_lines": [], "executed_branches": [], "missing_branches": [[33, 34], [33, 35], [36, 37], [36, 40]]}, "": {"executed_lines": [21, 22, 32], "summary": {"covered_lines": 3, "num_statements": 3, "percent_covered": 100.0, "percent_covered_display": "100", "missing_lines": 0, "excluded_lines": 0, "num_branches": 0, "num_partial_branches": 0, "covered_branches": 0, "missing_branches": 0}, "missing_lines": [], "excluded_lines": [], "executed_branches": [], "missing_branches": []}}, "classes": {"": {"executed_lines": [21, 22, 32], "summary": {"covered_lines": 3, "num_statements": 23, "percent_covered": 11.11111111111111, "percent_covered_display": "11", "missing_lines": 20, "excluded_lines": 0, "num_branches": 4, "num_partial_branches": 0, "covered_branches": 0, "missing_branches": 4}, "missing_lines": [24, 25, 26, 27, 28, 29, 33, 34, 35, 36, 37, 38, 40, 41, 42, 43, 44, 45, 46, 47], "excluded_lines": [], "executed_branches": [], "missing_branches": [[33, 34], [33, 35], [36, 37], [36, 40]]}}}, "pyspades\\types.py": {"executed_lines": [18, 28, 29, 32, 33, 48, 52, 58, 62, 63, 84, 87, 94, 95, 99, 104, 108, 119], "summary": {"covered_lines": 14, "num_statements": 34, "percent_covered": 33.333333333333336, "percent_covered_display": "33", "missing_lines": 20, "excluded_lines": 0, "num_branches": 8, "num_partial_branches": 0, "covered_branches": 0, "missing_branches": 8}, "missing_lines": [49, 50, 53, 54, 56, 59, 85, 88, 89, 91, 101, 102, 106, 109, 111, 113, 115, 116, 117, 120], "excluded_lines": [], "executed_branches": [], "missing_branches": [[53, 54], [53, 56], [88, 89], [88, 91], [109, 111], [109, 113], [115, 116], [115, 117]], "functions": {"IDPool.__init__": {"executed_lines": [], "summary": {"covered_lines": 0, "num_statements": 2, "percent_covered": 0.0, "percent_covered_display": "0", "missing_lines": 2, "excluded_lines": 0, "num_branches": 0, "num_partial_branches": 0, "covered_branches": 0, "missing_branches": 0}, "missing_lines": [49, 50], "excluded_lines": [], "executed_branches": [], "missing_branches": []}, "IDPool.pop": {"executed_lines": [], "summary": {"covered_lines": 0, "num_statements": 3, "percent_covered": 0.0, "percent_covered_display": "0", "missing_lines": 3, "excluded_lines": 0, "num_branches": 2, "num_partial_branches": 0, "covered_branches": 0, "missing_branches": 2}, "missing_lines": [53, 54, 56], "excluded_lines": [], "executed_branches": [], "missing_branches": [[53, 54], [53, 56]]}, "IDPool.put_back": {"executed_lines": [], "summary": {"covered_lines": 0, "num_statements": 1, "percent_covered": 0.0, "percent_covered_display": "0", "missing_lines": 1, "excluded_lines": 0, "num_branches": 0, "num_partial_branches": 0, "covered_branches": 0, "missing_branches": 0}, "missing_lines": [59], "excluded_lines": [], "executed_branches": [], "missing_branches": []}, "AttributeSet.__getattr__": {"executed_lines": [], "summary": {"covered_lines": 0, "num_statements": 1, "percent_covered": 0.0, "percent_covered_display": "0", "missing_lines": 1, "excluded_lines": 0, "num_branches": 0, "num_partial_branches": 0, "covered_branches": 0, "missing_branches": 0}, "missing_lines": [85], "excluded_lines": [], "executed_branches": [], "missing_branches": []}, "AttributeSet.__setattr__": {"executed_lines": [], "summary": {"covered_lines": 0, "num_statements": 3, "percent_covered": 0.0, "percent_covered_display": "0", "missing_lines": 3, "excluded_lines": 0, "num_branches": 2, "num_partial_branches": 0, "covered_branches": 0, "missing_branches": 2}, "missing_lines": [88, 89, 91], "excluded_lines": [], "executed_branches": [], "missing_branches": [[88, 89], [88, 91]]}, "RateLimiter.__init__": {"executed_lines": [], "summary": {"covered_lines": 0, "num_statements": 2, "percent_covered": 0.0, "percent_covered_display": "0", "missing_lines": 2, "excluded_lines": 0, "num_branches": 0, "num_partial_branches": 0, "covered_branches": 0, "missing_branches": 0}, "missing_lines": [101, 102], "excluded_lines": [], "executed_branches": [], "missing_branches": []}, "RateLimiter.record_event": {"executed_lines": [], "summary": {"covered_lines": 0, "num_statements": 1, "percent_covered": 0.0, "percent_covered_display": "0", "missing_lines": 1, "excluded_lines": 0, "num_branches": 0, "num_partial_branches": 0, "covered_branches": 0, "missing_branches": 0}, "missing_lines": [106], "excluded_lines": [], "executed_branches": [], "missing_branches": []}, "RateLimiter.above_limit": {"executed_lines": [], "summary": {"covered_lines": 0, "num_statements": 6, "percent_covered": 0.0, "percent_covered_display": "0", "missing_lines": 6, "excluded_lines": 0, "num_branches": 4, "num_partial_branches": 0, "covered_branches": 0, "missing_branches": 4}, "missing_lines": [109, 111, 113, 115, 116, 117], "excluded_lines": [], "executed_branches": [], "missing_branches": [[109, 111], [109, 113], [115, 116], [115, 117]]}, "RateLimiter.get_events": {"executed_lines": [], "summary": {"covered_lines": 0, "num_statements": 1, "percent_covered": 0.0, "percent_covered_display": "0", "missing_lines": 1, "excluded_lines": 0, "num_branches": 0, "num_partial_branches": 0, "covered_branches": 0, "missing_branches": 0}, "missing_lines": [120], "excluded_lines": [], "executed_branches": [], "missing_branches": []}, "": {"executed_lines": [18, 28, 29, 32, 33, 48, 52, 58, 62, 63, 84, 87, 94, 95, 99, 104, 108, 119], "summary": {"covered_lines": 14, "num_statements": 14, "percent_covered": 100.0, "percent_covered_display": "100", "missing_lines": 0, "excluded_lines": 0, "num_branches": 0, "num_partial_branches": 0, "covered_branches": 0, "missing_branches": 0}, "missing_lines": [], "excluded_lines": [], "executed_branches": [], "missing_branches": []}}, "classes": {"IDPool": {"executed_lines": [], "summary": {"covered_lines": 0, "num_statements": 6, "percent_covered": 0.0, "percent_covered_display": "0", "missing_lines": 6, "excluded_lines": 0, "num_branches": 2, "num_partial_branches": 0, "covered_branches": 0, "missing_branches": 2}, "missing_lines": [49, 50, 53, 54, 56, 59], "excluded_lines": [], "executed_branches": [], "missing_branches": [[53, 54], [53, 56]]}, "AttributeSet": {"executed_lines": [], "summary": {"covered_lines": 0, "num_statements": 4, "percent_covered": 0.0, "percent_covered_display": "0", "missing_lines": 4, "excluded_lines": 0, "num_branches": 2, "num_partial_branches": 0, "covered_branches": 0, "missing_branches": 2}, "missing_lines": [85, 88, 89, 91], "excluded_lines": [], "executed_branches": [], "missing_branches": [[88, 89], [88, 91]]}, "RateLimiter": {"executed_lines": [], "summary": {"covered_lines": 0, "num_statements": 10, "percent_covered": 0.0, "percent_covered_display": "0", "missing_lines": 10, "excluded_lines": 0, "num_branches": 4, "num_partial_branches": 0, "covered_branches": 0, "missing_branches": 4}, "missing_lines": [101, 102, 106, 109, 111, 113, 115, 116, 117, 120], "excluded_lines": [], "executed_branches": [], "missing_branches": [[109, 111], [109, 113], [115, 116], [115, 117]]}, "": {"executed_lines": [18, 28, 29, 32, 33, 48, 52, 58, 62, 63, 84, 87, 94, 95, 99, 104, 108, 119], "summary": {"covered_lines": 14, "num_statements": 14, "percent_covered": 100.0, "percent_covered_display": "100", "missing_lines": 0, "excluded_lines": 0, "num_branches": 0, "num_partial_branches": 0, "covered_branches": 0, "missing_branches": 0}, "missing_lines": [], "excluded_lines": [], "executed_branches": [], "missing_branches": []}}}, "pyspades\\weapon.py": {"executed_lines": [1, 2, 3, 4, 8, 9, 10, 11, 12, 13, 14, 18, 20, 22, 24, 26, 28, 30, 34, 37, 45, 66, 79, 93, 104, 107, 111, 112, 113, 114, 115, 116, 117, 118, 120, 128, 129, 130, 131, 132, 133, 134, 135, 137, 145, 146, 147, 148, 149, 150, 151, 152, 154, 162], "summary": {"covered_lines": 54, "num_statements": 110, "percent_covered": 40.298507462686565, "percent_covered_display": "40", "missing_lines": 56, "excluded_lines": 0, "num_branches": 24, "num_partial_branches": 0, "covered_branches": 0, "missing_branches": 24}, "missing_lines": [31, 32, 35, 38, 39, 40, 41, 42, 43, 46, 47, 48, 49, 50, 51, 52, 53, 54, 55, 56, 57, 58, 60, 61, 62, 64, 67, 68, 69, 70, 71, 72, 73, 74, 75, 76, 77, 80, 81, 82, 83, 84, 85, 87, 89, 90, 91, 94, 95, 96, 99, 100, 101, 102, 105, 108], "excluded_lines": [], "executed_branches": [], "missing_branches": [[39, 40], [39, 42], [46, 47], [46, 48], [49, 50], [49, 60], [51, 52], [51, 53], [53, 54], [53, 55], [56, 57], [56, 64], [67, 68], [67, 69], [70, 71], [70, 72], [72, 73], [72, 74], [81, 82], [81, 87], [94, 95], [94, 99], [100, 101], [100, 102]], "functions": {"BaseWeapon.__init__": {"executed_lines": [], "summary": {"covered_lines": 0, "num_statements": 2, "percent_covered": 0.0, "percent_covered_display": "0", "missing_lines": 2, "excluded_lines": 0, "num_branches": 0, "num_partial_branches": 0, "covered_branches": 0, "missing_branches": 0}, "missing_lines": [31, 32], "excluded_lines": [], "executed_branches": [], "missing_branches": []}, "BaseWeapon.restock": {"executed_lines": [], "summary": {"covered_lines": 0, "num_statements": 1, "percent_covered": 0.0, "percent_covered_display": "0", "missing_lines": 1, "excluded_lines": 0, "num_branches": 0, "num_partial_branches": 0, "covered_branches": 0, "missing_branches": 0}, "missing_lines": [35], "excluded_lines": [], "executed_branches": [], "missing_branches": []}, "BaseWeapon.reset": {"executed_lines": [], "summary": {"covered_lines": 0, "num_statements": 6, "percent_covered": 0.0, "percent_covered_display": "0", "missing_lines": 6, "excluded_lines": 0, "num_branches": 2, "num_partial_branches": 0, "covered_branches": 0, "missing_branches": 2}, "missing_lines": [38, 39, 40, 41, 42, 43], "excluded_lines": [], "executed_branches": [], "missing_branches": [[39, 40], [39, 42]]}, "BaseWeapon.set_shoot": {"executed_lines": [], "summary": {"covered_lines": 0, "num_statements": 17, "percent_covered": 0.0, "percent_covered_display": "0", "missing_lines": 17, "excluded_lines": 0, "num_branches": 10, "num_partial_branches": 0, "covered_branches": 0, "missing_branches": 10}, "missing_lines": [46, 47, 48, 49, 50, 51, 52, 53, 54, 55, 56, 57, 58, 60, 61, 62, 64], "excluded_lines": [], "executed_branches": [], "missing_branches": [[46, 47], [46, 48], [49, 50], [49, 60], [51, 52], [51, 53], [53, 54], [53, 55], [56, 57], [56, 64]]}, "BaseWeapon.reload": {"executed_lines": [], "summary": {"covered_lines": 0, "num_statements": 11, "percent_covered": 0.0, "percent_covered_display": "0", "missing_lines": 11, "excluded_lines": 0, "num_branches": 6, "num_partial_branches": 0, "covered_branches": 0, "missing_branches": 6}, "missing_lines": [67, 68, 69, 70, 71, 72, 73, 74, 75, 76, 77], "excluded_lines": [], "executed_branches": [], "missing_branches": [[67, 68], [67, 69], [70, 71], [70, 72], [72, 73], [72, 74]]}, "BaseWeapon.on_reload": {"executed_lines": [], "summary": {"covered_lines": 0, "num_statements": 10, "percent_covered": 0.0, "percent_covered_display": "0", "missing_lines": 10, "excluded_lines": 0, "num_branches": 2, "num_partial_branches": 0, "covered_branches": 0, "missing_branches": 2}, "missing_lines": [80, 81, 82, 83, 84, 85, 87, 89, 90, 91], "excluded_lines": [], "executed_branches": [], "missing_branches": [[81, 82], [81, 87]]}, "BaseWeapon.get_ammo": {"executed_lines": [], "summary": {"covered_lines": 0, "num_statements": 7, "percent_covered": 0.0, "percent_covered_display": "0", "missing_lines": 7, "excluded_lines": 0, "num_branches": 4, "num_partial_branches": 0, "covered_branches": 0, "missing_branches": 4}, "missing_lines": [94, 95, 96, 99, 100, 101, 102], "excluded_lines": [], "executed_branches": [], "missing_branches": [[94, 95], [94, 99], [100, 101], [100, 102]]}, "BaseWeapon.is_empty": {"executed_lines": [], "summary": {"covered_lines": 0, "num_statements": 1, "percent_covered": 0.0, "percent_covered_display": "0", "missing_lines": 1, "excluded_lines": 0, "num_branches": 0, "num_partial_branches": 0, "covered_branches": 0, "missing_branches": 0}, "missing_lines": [105], "excluded_lines": [], "executed_branches": [], "missing_branches": []}, "BaseWeapon.get_damage": {"executed_lines": [], "summary": {"covered_lines": 0, "num_statements": 1, "percent_covered": 0.0, "percent_covered_display": "0", "missing_lines": 1, "excluded_lines": 0, "num_branches": 0, "num_partial_branches": 0, "covered_branches": 0, "missing_branches": 0}, "missing_lines": [108], "excluded_lines": [], "executed_branches": [], "missing_branches": []}, "": {"executed_lines": [1, 2, 3, 4, 8, 9, 10, 11, 12, 13, 14, 18, 20, 22, 24, 26, 28, 30, 34, 37, 45, 66, 79, 93, 104, 107, 111, 112, 113, 114, 115, 116, 117, 118, 120, 128, 129, 130, 131, 132, 133, 134, 135, 137, 145, 146, 147, 148, 149, 150, 151, 152, 154, 162], "summary": {"covered_lines": 54, "num_statements": 54, "percent_covered": 100.0, "percent_covered_display": "100", "missing_lines": 0, "excluded_lines": 0, "num_branches": 0, "num_partial_branches": 0, "covered_branches": 0, "missing_branches": 0}, "missing_lines": [], "excluded_lines": [], "executed_branches": [], "missing_branches": []}}, "classes": {"BaseWeapon": {"executed_lines": [], "summary": {"covered_lines": 0, "num_statements": 56, "percent_covered": 0.0, "percent_covered_display": "0", "missing_lines": 56, "excluded_lines": 0, "num_branches": 24, "num_partial_branches": 0, "covered_branches": 0, "missing_branches": 24}, "missing_lines": [31, 32, 35, 38, 39, 40, 41, 42, 43, 46, 47, 48, 49, 50, 51, 52, 53, 54, 55, 56, 57, 58, 60, 61, 62, 64, 67, 68, 69, 70, 71, 72, 73, 74, 75, 76, 77, 80, 81, 82, 83, 84, 85, 87, 89, 90, 91, 94, 95, 96, 99, 100, 101, 102, 105, 108], "excluded_lines": [], "executed_branches": [], "missing_branches": [[39, 40], [39, 42], [46, 47], [46, 48], [49, 50], [49, 60], [51, 52], [51, 53], [53, 54], [53, 55], [56, 57], [56, 64], [67, 68], [67, 69], [70, 71], [70, 72], [72, 73], [72, 74], [81, 82], [81, 87], [94, 95], [94, 99], [100, 101], [100, 102]]}, "Rifle": {"executed_lines": [], "summary": {"covered_lines": 0, "num_statements": 0, "percent_covered": 100.0, "percent_covered_display": "100", "missing_lines": 0, "excluded_lines": 0, "num_branches": 0, "num_partial_branches": 0, "covered_branches": 0, "missing_branches": 0}, "missing_lines": [], "excluded_lines": [], "executed_branches": [], "missing_branches": []}, "SMG": {"executed_lines": [], "summary": {"covered_lines": 0, "num_statements": 0, "percent_covered": 100.0, "percent_covered_display": "100", "missing_lines": 0, "excluded_lines": 0, "num_branches": 0, "num_partial_branches": 0, "covered_branches": 0, "missing_branches": 0}, "missing_lines": [], "excluded_lines": [], "executed_branches": [], "missing_branches": []}, "Shotgun": {"executed_lines": [], "summary": {"covered_lines": 0, "num_statements": 0, "percent_covered": 100.0, "percent_covered_display": "100", "missing_lines": 0, "excluded_lines": 0, "num_branches": 0, "num_partial_branches": 0, "covered_branches": 0, "missing_branches": 0}, "missing_lines": [], "excluded_lines": [], "executed_branches": [], "missing_branches": []}, "": {"executed_lines": [1, 2, 3, 4, 8, 9, 10, 11, 12, 13, 14, 18, 20, 22, 24, 26, 28, 30, 34, 37, 45, 66, 79, 93, 104, 107, 111, 112, 113, 114, 115, 116, 117, 118, 120, 128, 129, 130, 131, 132, 133, 134, 135, 137, 145, 146, 147, 148, 149, 150, 151, 152, 154, 162], "summary": {"covered_lines": 54, "num_statements": 54, "percent_covered": 100.0, "percent_covered_display": "100", "missing_lines": 0, "excluded_lines": 0, "num_branches": 0, "num_partial_branches": 0, "covered_branches": 0, "missing_branches": 0}, "missing_lines": [], "excluded_lines": [], "executed_branches": [], "missing_branches": []}}}}, "totals": {"covered_lines": 1499, "num_statements": 5398, "percent_covered": 21.82076813655761, "percent_covered_display": "22", "missing_lines": 3899, "excluded_lines": 0, "num_branches": 1632, "num_partial_branches": 19, "covered_branches": 35, "missing_branches": 1597}}